[1701370943.857][INFO]: Starting ChromeDriver 91.0.4472.19 (1bf021f248676a0b2ab3ee0561d83a59e424c23e-refs/branch-heads/4472@{#288}) on port 21785
[1701370943.857][INFO]: Please see https://chromedriver.chromium.org/security-considerations for suggestions on keeping ChromeDriver safe.
[1701370943.862][SEVERE]: bind() failed: Cannot assign requested address (99)
[1701370943.862][INFO]: listen on IPv6 failed with error ERR_ADDRESS_INVALID
[1701370943.938][INFO]: [a23f1d30f9464c6c8f330350a3d00426] COMMAND InitSession {
   "capabilities": {
      "firstMatch": [ {
         "browserName": "chrome",
         "goog:chromeOptions": {

         }
      } ]
   },
   "desiredCapabilities": {
      "browserName": "chrome",
      "goog:chromeOptions": {

      }
   }
}
[1701370943.938][INFO]: Populating Preferences file: {
   "alternate_error_pages": {
      "enabled": false
   },
   "autofill": {
      "enabled": false
   },
   "browser": {
      "check_default_browser": false
   },
   "distribution": {
      "import_bookmarks": false,
      "import_history": false,
      "import_search_engine": false,
      "make_chrome_default_for_user": false,
      "skip_first_run_ui": true
   },
   "dns_prefetching": {
      "enabled": false
   },
   "profile": {
      "content_settings": {
         "pattern_pairs": {
            "https://*,*": {
               "media-stream": {
                  "audio": "Default",
                  "video": "Default"
               }
            }
         }
      },
      "default_content_setting_values": {
         "geolocation": 1
      },
      "default_content_settings": {
         "geolocation": 1,
         "mouselock": 1,
         "notifications": 1,
         "popups": 1,
         "ppapi-broker": 1
      },
      "password_manager_enabled": false
   },
   "safebrowsing": {
      "enabled": false
   },
   "search": {
      "suggest_enabled": false
   },
   "translate": {
      "enabled": false
   }
}
[1701370943.939][INFO]: Populating Local State file: {
   "background_mode": {
      "enabled": false
   },
   "ssl": {
      "rev_checking": {
         "enabled": false
      }
   }
}
[1701370943.939][INFO]: Launching chrome: /usr/bin/google-chrome --allow-pre-commit-input --disable-background-networking --disable-client-side-phishing-detection --disable-default-apps --disable-hang-monitor --disable-popup-blocking --disable-prompt-on-repost --disable-sync --enable-automation --enable-blink-features=ShadowDOMV0 --enable-logging --log-level=0 --no-first-run --no-service-autorun --password-store=basic --remote-debugging-port=0 --test-type=webdriver --use-mock-keychain --user-data-dir=/tmp/.com.google.Chrome.bVXU5F data:,
[430:430:1130/200224.396988:ERROR:gpu_init.cc(440)] Passthrough is not supported, GL is swiftshader

DevTools listening on ws://127.0.0.1:35247/devtools/browser/24c8e306-0c87-4629-a445-f4fdc14036cf
[1701370944.456][DEBUG]: DevTools HTTP Request: http://localhost:35247/json/version
[399:433:1130/200224.465737:ERROR:object_proxy.cc(622)] Failed to call method: org.freedesktop.Notifications.GetCapabilities: object_path= /org/freedesktop/Notifications: org.freedesktop.DBus.Error.Spawn.ChildExited: Process org.freedesktop.Notifications exited with status 1
[1701370944.622][DEBUG]: DevTools HTTP Response: {
   "Browser": "Chrome/91.0.4472.77",
   "Protocol-Version": "1.3",
   "User-Agent": "Mozilla/5.0 (X11; Linux x86_64) AppleWebKit/537.36 (KHTML, like Gecko) Chrome/91.0.4472.77 Safari/537.36",
   "V8-Version": "9.1.269.28",
   "WebKit-Version": "537.36 (@1cecd5c8a856bc2a5adda436e7b84d8d21b339b6)",
   "webSocketDebuggerUrl": "ws://localhost:35247/devtools/browser/24c8e306-0c87-4629-a445-f4fdc14036cf"
}

[1701370944.622][DEBUG]: DevTools HTTP Request: http://localhost:35247/json/list
[1701370944.658][DEBUG]: DevTools HTTP Response: [ {
   "description": "",
   "devtoolsFrontendUrl": "/devtools/inspector.html?ws=localhost:35247/devtools/page/DF90357E8E17F2B29D4B15E6CB358EF7",
   "id": "DF90357E8E17F2B29D4B15E6CB358EF7",
   "title": "",
   "type": "page",
   "url": "data:,",
   "webSocketDebuggerUrl": "ws://localhost:35247/devtools/page/DF90357E8E17F2B29D4B15E6CB358EF7"
} ]

[1701370944.659][DEBUG]: DevTools HTTP Request: http://localhost:35247/json/list
[399:480:1130/200224.666707:ERROR:object_proxy.cc(622)] Failed to call method: org.freedesktop.DBus.Properties.Get: object_path= /org/freedesktop/UPower: org.freedesktop.DBus.Error.ServiceUnknown: The name org.freedesktop.UPower was not provided by any .service files
[399:480:1130/200224.667227:ERROR:object_proxy.cc(622)] Failed to call method: org.freedesktop.UPower.GetDisplayDevice: object_path= /org/freedesktop/UPower: org.freedesktop.DBus.Error.ServiceUnknown: The name org.freedesktop.UPower was not provided by any .service files
[399:480:1130/200224.668411:ERROR:object_proxy.cc(622)] Failed to call method: org.freedesktop.UPower.EnumerateDevices: object_path= /org/freedesktop/UPower: org.freedesktop.DBus.Error.ServiceUnknown: The name org.freedesktop.UPower was not provided by any .service files
[1701370944.672][DEBUG]: DevTools HTTP Response: [ {
   "description": "",
   "devtoolsFrontendUrl": "/devtools/inspector.html?ws=localhost:35247/devtools/page/DF90357E8E17F2B29D4B15E6CB358EF7",
   "id": "DF90357E8E17F2B29D4B15E6CB358EF7",
   "title": "",
   "type": "page",
   "url": "data:,",
   "webSocketDebuggerUrl": "ws://localhost:35247/devtools/page/DF90357E8E17F2B29D4B15E6CB358EF7"
} ]

[1701370944.673][INFO]: resolved localhost to ["127.0.0.1","::1"]
[1701370944.678][DEBUG]: DevTools WebSocket Command: Page.addScriptToEvaluateOnNewDocument (id=1) DF90357E8E17F2B29D4B15E6CB358EF7 {
   "source": "(function () {window.cdc_adoQpoasnfa76pfcZLmcfl_Array = window.Array;window.cdc_adoQpoasnfa76pfcZLmcfl_Promise = window.Promise;window.cdc_adoQpoasnfa76pfcZLmcfl_Symbol = window.Symbol;}) ();"
}
[1701370944.678][DEBUG]: DevTools WebSocket Command: Runtime.evaluate (id=2) DF90357E8E17F2B29D4B15E6CB358EF7 {
   "expression": "(function () {window.cdc_adoQpoasnfa76pfcZLmcfl_Array = window.Array;window.cdc_adoQpoasnfa76pfcZLmcfl_Promise = window.Promise;window.cdc_adoQpoasnfa76pfcZLmcfl_Symbol = window.Symbol;}) ();"
}
[1701370944.678][DEBUG]: DevTools WebSocket Command: Log.enable (id=3) DF90357E8E17F2B29D4B15E6CB358EF7 {

}
[1701370944.679][DEBUG]: DevTools WebSocket Command: DOM.getDocument (id=4) DF90357E8E17F2B29D4B15E6CB358EF7 {

}
[1701370944.679][DEBUG]: DevTools WebSocket Command: Target.setAutoAttach (id=5) DF90357E8E17F2B29D4B15E6CB358EF7 {
   "autoAttach": true,
   "flatten": true,
   "waitForDebuggerOnStart": false
}
[1701370944.679][DEBUG]: DevTools WebSocket Command: Page.enable (id=6) DF90357E8E17F2B29D4B15E6CB358EF7 {

}
[1701370944.679][DEBUG]: DevTools WebSocket Command: Page.enable (id=7) DF90357E8E17F2B29D4B15E6CB358EF7 {

}
[1701370944.708][DEBUG]: DevTools WebSocket Response: Page.addScriptToEvaluateOnNewDocument (id=1) DF90357E8E17F2B29D4B15E6CB358EF7 {
   "identifier": "1"
}
[1701370944.723][DEBUG]: DevTools WebSocket Response: Runtime.evaluate (id=2) DF90357E8E17F2B29D4B15E6CB358EF7 {
   "result": {
      "type": "undefined"
   }
}
[1701370944.723][DEBUG]: DevTools WebSocket Response: Log.enable (id=3) DF90357E8E17F2B29D4B15E6CB358EF7 {

}
[1701370944.724][DEBUG]: DevTools WebSocket Response: DOM.getDocument (id=4) DF90357E8E17F2B29D4B15E6CB358EF7 {
   "root": {
      "backendNodeId": 1,
      "baseURL": "about:blank",
      "childNodeCount": 1,
      "children": [ {
         "attributes": [  ],
         "backendNodeId": 2,
         "childNodeCount": 2,
         "children": [ {
            "attributes": [  ],
            "backendNodeId": 3,
            "childNodeCount": 0,
            "localName": "head",
            "nodeId": 3,
            "nodeName": "HEAD",
            "nodeType": 1,
            "nodeValue": "",
            "parentId": 2
         }, {
            "attributes": [  ],
            "backendNodeId": 4,
            "childNodeCount": 0,
            "localName": "body",
            "nodeId": 4,
            "nodeName": "BODY",
            "nodeType": 1,
            "nodeValue": "",
            "parentId": 2
         } ],
         "frameId": "DF90357E8E17F2B29D4B15E6CB358EF7",
         "localName": "html",
         "nodeId": 2,
         "nodeName": "HTML",
         "nodeType": 1,
         "nodeValue": "",
         "parentId": 1
      } ],
      "documentURL": "",
      "localName": "",
      "nodeId": 1,
      "nodeName": "#document",
      "nodeType": 9,
      "nodeValue": "",
      "xmlVersion": ""
   }
}
[1701370944.724][DEBUG]: DevTools WebSocket Response: Target.setAutoAttach (id=5) DF90357E8E17F2B29D4B15E6CB358EF7 {

}
[1701370944.724][DEBUG]: DevTools WebSocket Response: Page.enable (id=6) DF90357E8E17F2B29D4B15E6CB358EF7 {

}
[1701370944.725][DEBUG]: DevTools WebSocket Response: Page.enable (id=7) DF90357E8E17F2B29D4B15E6CB358EF7 {

}
[1701370944.726][DEBUG]: DevTools WebSocket Command: Runtime.enable (id=8) DF90357E8E17F2B29D4B15E6CB358EF7 {

}
[1701370944.731][DEBUG]: DevTools WebSocket Event: Page.frameStartedLoading DF90357E8E17F2B29D4B15E6CB358EF7 {
   "frameId": "DF90357E8E17F2B29D4B15E6CB358EF7"
}
[1701370944.760][DEBUG]: DevTools WebSocket Event: Page.frameNavigated DF90357E8E17F2B29D4B15E6CB358EF7 {
   "frame": {
      "adFrameType": "none",
      "crossOriginIsolatedContextType": "NotIsolated",
      "domainAndRegistry": "",
      "gatedAPIFeatures": [ "SharedArrayBuffersTransferAllowed" ],
      "id": "DF90357E8E17F2B29D4B15E6CB358EF7",
      "loaderId": "621F7C75AF42C0708F05671BCC535143",
      "mimeType": "text/plain",
      "secureContextType": "InsecureScheme",
      "securityOrigin": "://",
      "url": "data:,"
   }
}
[1701370944.760][DEBUG]: DevTools WebSocket Event: DOM.documentUpdated DF90357E8E17F2B29D4B15E6CB358EF7 {

}
[1701370944.760][DEBUG]: DevTools WebSocket Command: DOM.getDocument (id=9) DF90357E8E17F2B29D4B15E6CB358EF7 {

}
[1701370944.760][DEBUG]: DevTools WebSocket Event: Runtime.executionContextCreated DF90357E8E17F2B29D4B15E6CB358EF7 {
   "context": {
      "auxData": {
         "frameId": "DF90357E8E17F2B29D4B15E6CB358EF7",
         "isDefault": true,
         "type": "default"
      },
      "id": 2,
      "name": "",
      "origin": "://",
      "uniqueId": "7029606084670417397.3237724631975734276"
   }
}
[1701370944.760][DEBUG]: DevTools WebSocket Response: Runtime.enable (id=8) DF90357E8E17F2B29D4B15E6CB358EF7 {

}
[1701370944.761][DEBUG]: DevTools WebSocket Command: Page.enable (id=10) DF90357E8E17F2B29D4B15E6CB358EF7 {

}
[1701370944.765][DEBUG]: DevTools WebSocket Event: Page.loadEventFired DF90357E8E17F2B29D4B15E6CB358EF7 {
   "timestamp": 4217.242571
}
[1701370944.765][DEBUG]: DevTools WebSocket Command: Runtime.evaluate (id=11) DF90357E8E17F2B29D4B15E6CB358EF7 {
   "awaitPromise": false,
   "expression": "document.readyState",
   "returnByValue": true
}
[1701370944.765][DEBUG]: DevTools WebSocket Event: Page.frameStoppedLoading DF90357E8E17F2B29D4B15E6CB358EF7 {
   "frameId": "DF90357E8E17F2B29D4B15E6CB358EF7"
}
[1701370944.765][DEBUG]: DevTools WebSocket Event: DOM.documentUpdated DF90357E8E17F2B29D4B15E6CB358EF7 {

}
[1701370944.765][DEBUG]: DevTools WebSocket Command: DOM.getDocument (id=12) DF90357E8E17F2B29D4B15E6CB358EF7 {

}
[1701370944.766][DEBUG]: DevTools WebSocket Event: Page.domContentEventFired DF90357E8E17F2B29D4B15E6CB358EF7 {
   "timestamp": 4217.244311
}
[1701370944.766][DEBUG]: DevTools WebSocket Event: Page.frameResized DF90357E8E17F2B29D4B15E6CB358EF7 {

}
[1701370944.778][DEBUG]: DevTools WebSocket Response: DOM.getDocument (id=9) DF90357E8E17F2B29D4B15E6CB358EF7 {
   "root": {
      "backendNodeId": 5,
      "baseURL": "data:,",
      "childNodeCount": 1,
      "children": [ {
         "attributes": [  ],
         "backendNodeId": 6,
         "childNodeCount": 2,
         "children": [ {
            "attributes": [  ],
            "backendNodeId": 7,
            "childNodeCount": 0,
            "localName": "head",
            "nodeId": 7,
            "nodeName": "HEAD",
            "nodeType": 1,
            "nodeValue": "",
            "parentId": 6
         }, {
            "attributes": [  ],
            "backendNodeId": 8,
            "childNodeCount": 0,
            "localName": "body",
            "nodeId": 8,
            "nodeName": "BODY",
            "nodeType": 1,
            "nodeValue": "",
            "parentId": 6
         } ],
         "frameId": "DF90357E8E17F2B29D4B15E6CB358EF7",
         "localName": "html",
         "nodeId": 6,
         "nodeName": "HTML",
         "nodeType": 1,
         "nodeValue": "",
         "parentId": 5
      } ],
      "documentURL": "data:,",
      "localName": "",
      "nodeId": 5,
      "nodeName": "#document",
      "nodeType": 9,
      "nodeValue": "",
      "xmlVersion": ""
   }
}
[1701370944.778][DEBUG]: DevTools WebSocket Response: Page.enable (id=10) DF90357E8E17F2B29D4B15E6CB358EF7 {

}
[1701370944.781][DEBUG]: DevTools WebSocket Response: Runtime.evaluate (id=11) DF90357E8E17F2B29D4B15E6CB358EF7 {
   "result": {
      "type": "string",
      "value": "complete"
   }
}
[1701370944.781][DEBUG]: DevTools WebSocket Command: Runtime.enable (id=13) DF90357E8E17F2B29D4B15E6CB358EF7 {

}
[1701370944.781][DEBUG]: DevTools WebSocket Response: DOM.getDocument (id=12) DF90357E8E17F2B29D4B15E6CB358EF7 {
   "root": {
      "backendNodeId": 5,
      "baseURL": "data:,",
      "childNodeCount": 1,
      "children": [ {
         "attributes": [  ],
         "backendNodeId": 6,
         "childNodeCount": 2,
         "children": [ {
            "attributes": [  ],
            "backendNodeId": 7,
            "childNodeCount": 0,
            "localName": "head",
            "nodeId": 11,
            "nodeName": "HEAD",
            "nodeType": 1,
            "nodeValue": "",
            "parentId": 10
         }, {
            "attributes": [  ],
            "backendNodeId": 8,
            "childNodeCount": 0,
            "localName": "body",
            "nodeId": 12,
            "nodeName": "BODY",
            "nodeType": 1,
            "nodeValue": "",
            "parentId": 10
         } ],
         "frameId": "DF90357E8E17F2B29D4B15E6CB358EF7",
         "localName": "html",
         "nodeId": 10,
         "nodeName": "HTML",
         "nodeType": 1,
         "nodeValue": "",
         "parentId": 9
      } ],
      "documentURL": "data:,",
      "localName": "",
      "nodeId": 9,
      "nodeName": "#document",
      "nodeType": 9,
      "nodeValue": "",
      "xmlVersion": ""
   }
}
[1701370944.795][DEBUG]: DevTools WebSocket Response: Runtime.enable (id=13) DF90357E8E17F2B29D4B15E6CB358EF7 {

}
[1701370944.796][DEBUG]: DevTools WebSocket Command: Runtime.evaluate (id=14) DF90357E8E17F2B29D4B15E6CB358EF7 {
   "awaitPromise": true,
   "expression": "(function() { // Copyright (c) 2012 The Chromium Authors. All rights reserved.\n// Use of this source code is governed by a BSD-style license that can be\n// found in the LICENSE file.\n\n/**\n * Enum f...",
   "returnByValue": true
}
[1701370944.803][DEBUG]: DevTools WebSocket Response: Runtime.evaluate (id=14) DF90357E8E17F2B29D4B15E6CB358EF7 {
   "result": {
      "type": "object",
      "value": {
         "status": 0,
         "value": 1
      }
   }
}
[1701370944.803][INFO]: [a23f1d30f9464c6c8f330350a3d00426] RESPONSE InitSession {
   "capabilities": {
      "acceptInsecureCerts": false,
      "browserName": "chrome",
      "browserVersion": "91.0.4472.77",
      "chrome": {
         "chromedriverVersion": "91.0.4472.19 (1bf021f248676a0b2ab3ee0561d83a59e424c23e-refs/branch-heads/4472@{#288})",
         "userDataDir": "/tmp/.com.google.Chrome.bVXU5F"
      },
      "goog:chromeOptions": {
         "debuggerAddress": "localhost:35247"
      },
      "networkConnectionEnabled": false,
      "pageLoadStrategy": "normal",
      "platformName": "linux",
      "proxy": {

      },
      "setWindowRect": true,
      "strictFileInteractability": false,
      "timeouts": {
         "implicit": 0,
         "pageLoad": 300000,
         "script": 30000
      },
      "unhandledPromptBehavior": "dismiss and notify",
      "webauthn:extension:largeBlob": true,
      "webauthn:virtualAuthenticators": true
   },
   "sessionId": "a23f1d30f9464c6c8f330350a3d00426"
}
[1701370945.158][INFO]: [a23f1d30f9464c6c8f330350a3d00426] COMMAND MaximizeWindow {

}
[1701370945.158][INFO]: Waiting for pending navigations...
[1701370945.158][DEBUG]: DevTools WebSocket Command: Runtime.evaluate (id=15) DF90357E8E17F2B29D4B15E6CB358EF7 {
   "expression": "1"
}
[1701370945.166][DEBUG]: DevTools WebSocket Response: Runtime.evaluate (id=15) DF90357E8E17F2B29D4B15E6CB358EF7 {
   "result": {
      "description": "1",
      "type": "number",
      "value": 1
   }
}
[1701370945.166][INFO]: Done waiting for pending navigations. Status: ok
[1701370945.166][INFO]: resolved localhost to ["127.0.0.1","::1"]
[1701370945.174][DEBUG]: DevTools WebSocket Command: Browser.getWindowForTarget (id=1) browser {
   "targetId": "DF90357E8E17F2B29D4B15E6CB358EF7"
}
[1701370945.182][DEBUG]: DevTools WebSocket Response: Browser.getWindowForTarget (id=1) browser {
   "bounds": {
      "height": 1038,
      "left": 10,
      "top": 10,
      "width": 945,
      "windowState": "normal"
   },
   "windowId": 1
}
[1701370945.182][DEBUG]: DevTools WebSocket Command: Browser.setWindowBounds (id=2) browser {
   "bounds": {
      "windowState": "maximized"
   },
   "windowId": 1
}
[1701370945.184][DEBUG]: DevTools WebSocket Response: Browser.setWindowBounds (id=2) browser {

}
[1701370945.284][DEBUG]: DevTools WebSocket Command: Browser.getWindowBounds (id=3) browser {
   "windowId": 1
}
[1701370945.284][DEBUG]: DevTools WebSocket Response: Browser.getWindowBounds (id=3) browser {
   "bounds": {
      "height": 1058,
      "left": 0,
      "top": 0,
      "width": 1920,
      "windowState": "maximized"
   }
}
[1701370945.284][DEBUG]: DevTools WebSocket Command: Browser.getWindowForTarget (id=4) browser {
   "targetId": "DF90357E8E17F2B29D4B15E6CB358EF7"
}
[1701370945.284][DEBUG]: DevTools WebSocket Response: Browser.getWindowForTarget (id=4) browser {
   "bounds": {
      "height": 1058,
      "left": 0,
      "top": 0,
      "width": 1920,
      "windowState": "maximized"
   },
   "windowId": 1
}
[1701370945.284][INFO]: Waiting for pending navigations...
[1701370945.284][DEBUG]: DevTools WebSocket Event: Page.frameResized DF90357E8E17F2B29D4B15E6CB358EF7 {

}
[1701370945.284][DEBUG]: DevTools WebSocket Event: Page.frameResized DF90357E8E17F2B29D4B15E6CB358EF7 {

}
[1701370945.284][DEBUG]: DevTools WebSocket Command: Runtime.evaluate (id=16) DF90357E8E17F2B29D4B15E6CB358EF7 {
   "expression": "1"
}
[1701370945.285][DEBUG]: DevTools WebSocket Response: Runtime.evaluate (id=16) DF90357E8E17F2B29D4B15E6CB358EF7 {
   "result": {
      "description": "1",
      "type": "number",
      "value": 1
   }
}
[1701370945.285][INFO]: Done waiting for pending navigations. Status: ok
[1701370945.285][INFO]: [a23f1d30f9464c6c8f330350a3d00426] RESPONSE MaximizeWindow {
   "height": 1058,
   "width": 1920,
   "x": 0,
   "y": 0
}
[1701370945.319][INFO]: [a23f1d30f9464c6c8f330350a3d00426] COMMAND SetTimeouts {
   "implicit": 30000
}
[1701370945.319][INFO]: [a23f1d30f9464c6c8f330350a3d00426] RESPONSE SetTimeouts
[1701370945.339][INFO]: [a23f1d30f9464c6c8f330350a3d00426] COMMAND Navigate {
   "url": "https://en.wikipedia.org/"
}
[1701370945.339][INFO]: Waiting for pending navigations...
[1701370945.339][DEBUG]: DevTools WebSocket Command: Runtime.evaluate (id=17) DF90357E8E17F2B29D4B15E6CB358EF7 {
   "expression": "1"
}
[1701370945.339][DEBUG]: DevTools WebSocket Response: Runtime.evaluate (id=17) DF90357E8E17F2B29D4B15E6CB358EF7 {
   "result": {
      "description": "1",
      "type": "number",
      "value": 1
   }
}
[1701370945.340][INFO]: Done waiting for pending navigations. Status: ok
[1701370945.340][DEBUG]: DevTools WebSocket Command: Page.navigate (id=18) DF90357E8E17F2B29D4B15E6CB358EF7 {
   "url": "https://en.wikipedia.org/"
}
[1701370945.599][DEBUG]: DevTools WebSocket Response: Page.navigate (id=18) DF90357E8E17F2B29D4B15E6CB358EF7 {
   "frameId": "DF90357E8E17F2B29D4B15E6CB358EF7",
   "loaderId": "82EAD2319AACF06BD55035BDF17D5FC4"
}
[1701370945.599][DEBUG]: DevTools WebSocket Command: Runtime.evaluate (id=19) DF90357E8E17F2B29D4B15E6CB358EF7 {
   "expression": "document.URL"
}
[1701370945.602][DEBUG]: DevTools WebSocket Event: Runtime.executionContextsCleared DF90357E8E17F2B29D4B15E6CB358EF7 {

}
[1701370945.604][DEBUG]: DevTools WebSocket Event: Page.frameStartedLoading DF90357E8E17F2B29D4B15E6CB358EF7 {
   "frameId": "DF90357E8E17F2B29D4B15E6CB358EF7"
}
[1701370945.623][DEBUG]: DevTools WebSocket Event: Runtime.executionContextsCleared DF90357E8E17F2B29D4B15E6CB358EF7 {

}
[1701370945.623][DEBUG]: DevTools WebSocket Event: Page.frameNavigated DF90357E8E17F2B29D4B15E6CB358EF7 {
   "frame": {
      "adFrameType": "none",
      "crossOriginIsolatedContextType": "NotIsolated",
      "domainAndRegistry": "wikipedia.org",
      "gatedAPIFeatures": [ "SharedArrayBuffersTransferAllowed" ],
      "id": "DF90357E8E17F2B29D4B15E6CB358EF7",
      "loaderId": "82EAD2319AACF06BD55035BDF17D5FC4",
      "mimeType": "text/html",
      "secureContextType": "Secure",
      "securityOrigin": "https://en.wikipedia.org",
      "url": "https://en.wikipedia.org/wiki/Main_Page"
   }
}
[1701370945.623][DEBUG]: DevTools WebSocket Event: Runtime.executionContextCreated DF90357E8E17F2B29D4B15E6CB358EF7 {
   "context": {
      "auxData": {
         "frameId": "DF90357E8E17F2B29D4B15E6CB358EF7",
         "isDefault": true,
         "type": "default"
      },
      "id": 1,
      "name": "",
      "origin": "https://en.wikipedia.org",
      "uniqueId": "-2997201580928470736.-2994094317903845571"
   }
}
[1701370945.624][DEBUG]: DevTools WebSocket Event: DOM.documentUpdated DF90357E8E17F2B29D4B15E6CB358EF7 {

}
[1701370945.624][DEBUG]: DevTools WebSocket Command: DOM.getDocument (id=20) DF90357E8E17F2B29D4B15E6CB358EF7 {

}
[1701370945.637][DEBUG]: DevTools WebSocket Response: Runtime.evaluate (id=19) DF90357E8E17F2B29D4B15E6CB358EF7 {
   "result": {
      "type": "string",
      "value": "https://en.wikipedia.org/wiki/Main_Page"
   }
}
[1701370945.637][INFO]: Waiting for pending navigations...
[1701370945.637][DEBUG]: DevTools WebSocket Command: Runtime.evaluate (id=21) DF90357E8E17F2B29D4B15E6CB358EF7 {
   "expression": "1"
}
[1701370945.638][DEBUG]: DevTools WebSocket Event: Page.frameResized DF90357E8E17F2B29D4B15E6CB358EF7 {

}
[1701370945.666][DEBUG]: DevTools WebSocket Response: DOM.getDocument (id=20) DF90357E8E17F2B29D4B15E6CB358EF7 {
   "root": {
      "backendNodeId": 1,
      "baseURL": "https://en.wikipedia.org/wiki/Main_Page",
      "childNodeCount": 2,
      "children": [ {
         "backendNodeId": 2,
         "localName": "",
         "nodeId": 2,
         "nodeName": "html",
         "nodeType": 10,
         "nodeValue": "",
         "parentId": 1,
         "publicId": "",
         "systemId": ""
      }, {
         "attributes": [ "class", "client-js vector-feature-language-in-header-enabled vector-feature-language-in-main-page-header-disabled vector-feature-sticky-header-disabled vector-feature-page-tools-pinned-disabled vector-featu...", "lang", "en", "dir", "ltr" ],
         "backendNodeId": 3,
         "childNodeCount": 2,
         "children": [ {
            "attributes": [  ],
            "backendNodeId": 4,
            "childNodeCount": 39,
            "localName": "head",
            "nodeId": 4,
            "nodeName": "HEAD",
            "nodeType": 1,
            "nodeValue": "",
            "parentId": 3
         }, {
            "attributes": [ "class", "skin-vector skin-vector-search-vue mediawiki ltr sitedir-ltr mw-hide-empty-elt ns-0 ns-subject page-Main_Page rootpage-Main_Page skin-vector-2022 action-view" ],
            "backendNodeId": 5,
            "childNodeCount": 3,
            "localName": "body",
            "nodeId": 5,
            "nodeName": "BODY",
            "nodeType": 1,
            "nodeValue": "",
            "parentId": 3
         } ],
         "frameId": "DF90357E8E17F2B29D4B15E6CB358EF7",
         "localName": "html",
         "nodeId": 3,
         "nodeName": "HTML",
         "nodeType": 1,
         "nodeValue": "",
         "parentId": 1
      } ],
      "documentURL": "https://en.wikipedia.org/wiki/Main_Page",
      "localName": "",
      "nodeId": 1,
      "nodeName": "#document",
      "nodeType": 9,
      "nodeValue": "",
      "xmlVersion": ""
   }
}
[1701370945.668][DEBUG]: DevTools WebSocket Response: Runtime.evaluate (id=21) DF90357E8E17F2B29D4B15E6CB358EF7 {
   "result": {
      "description": "1",
      "type": "number",
      "value": 1
   }
}
[1701370945.673][DEBUG]: DevTools WebSocket Event: DOM.childNodeCountUpdated DF90357E8E17F2B29D4B15E6CB358EF7 {
   "childNodeCount": 4,
   "nodeId": 5
}
[1701370945.673][DEBUG]: DevTools WebSocket Command: Runtime.evaluate (id=22) DF90357E8E17F2B29D4B15E6CB358EF7 {
   "expression": "1"
}
[1701370945.673][DEBUG]: DevTools WebSocket Event: DOM.childNodeCountUpdated DF90357E8E17F2B29D4B15E6CB358EF7 {
   "childNodeCount": 5,
   "nodeId": 5
}
[1701370945.674][DEBUG]: DevTools WebSocket Response: Runtime.evaluate (id=22) DF90357E8E17F2B29D4B15E6CB358EF7 {
   "result": {
      "description": "1",
      "type": "number",
      "value": 1
   }
}
[1701370945.835][DEBUG]: DevTools WebSocket Event: DOM.childNodeCountUpdated DF90357E8E17F2B29D4B15E6CB358EF7 {
   "childNodeCount": 6,
   "nodeId": 5
}
[1701370945.835][DEBUG]: DevTools WebSocket Event: DOM.documentUpdated DF90357E8E17F2B29D4B15E6CB358EF7 {

}
[1701370945.835][DEBUG]: DevTools WebSocket Command: DOM.getDocument (id=23) DF90357E8E17F2B29D4B15E6CB358EF7 {

}
[1701370945.835][DEBUG]: DevTools WebSocket Event: Page.domContentEventFired DF90357E8E17F2B29D4B15E6CB358EF7 {
   "timestamp": 4218.323461
}
[1701370945.835][DEBUG]: DevTools WebSocket Command: Runtime.evaluate (id=24) DF90357E8E17F2B29D4B15E6CB358EF7 {
   "expression": "1"
}
[1701370945.850][DEBUG]: DevTools WebSocket Response: DOM.getDocument (id=23) DF90357E8E17F2B29D4B15E6CB358EF7 {
   "root": {
      "backendNodeId": 1,
      "baseURL": "https://en.wikipedia.org/wiki/Main_Page",
      "childNodeCount": 2,
      "children": [ {
         "backendNodeId": 2,
         "localName": "",
         "nodeId": 7,
         "nodeName": "html",
         "nodeType": 10,
         "nodeValue": "",
         "parentId": 6,
         "publicId": "",
         "systemId": ""
      }, {
         "attributes": [ "class", "client-js vector-feature-language-in-header-enabled vector-feature-language-in-main-page-header-disabled vector-feature-sticky-header-disabled vector-feature-page-tools-pinned-disabled vector-featu...", "lang", "en", "dir", "ltr" ],
         "backendNodeId": 3,
         "childNodeCount": 2,
         "children": [ {
            "attributes": [  ],
            "backendNodeId": 4,
            "childNodeCount": 39,
            "localName": "head",
            "nodeId": 9,
            "nodeName": "HEAD",
            "nodeType": 1,
            "nodeValue": "",
            "parentId": 8
         }, {
            "attributes": [ "class", "skin-vector skin-vector-search-vue mediawiki ltr sitedir-ltr mw-hide-empty-elt ns-0 ns-subject page-Main_Page rootpage-Main_Page skin-vector-2022 action-view" ],
            "backendNodeId": 5,
            "childNodeCount": 6,
            "localName": "body",
            "nodeId": 10,
            "nodeName": "BODY",
            "nodeType": 1,
            "nodeValue": "",
            "parentId": 8
         } ],
         "frameId": "DF90357E8E17F2B29D4B15E6CB358EF7",
         "localName": "html",
         "nodeId": 8,
         "nodeName": "HTML",
         "nodeType": 1,
         "nodeValue": "",
         "parentId": 6
      } ],
      "documentURL": "https://en.wikipedia.org/wiki/Main_Page",
      "localName": "",
      "nodeId": 6,
      "nodeName": "#document",
      "nodeType": 9,
      "nodeValue": "",
      "xmlVersion": ""
   }
}
[1701370945.850][DEBUG]: DevTools WebSocket Response: Runtime.evaluate (id=24) DF90357E8E17F2B29D4B15E6CB358EF7 {
   "result": {
      "description": "1",
      "type": "number",
      "value": 1
   }
}
[1701370945.865][DEBUG]: DevTools WebSocket Event: DOM.childNodeCountUpdated DF90357E8E17F2B29D4B15E6CB358EF7 {
   "childNodeCount": 40,
   "nodeId": 9
}
[1701370945.865][DEBUG]: DevTools WebSocket Event: DOM.childNodeCountUpdated DF90357E8E17F2B29D4B15E6CB358EF7 {
   "childNodeCount": 41,
   "nodeId": 9
}
[1701370945.865][DEBUG]: DevTools WebSocket Command: Runtime.evaluate (id=25) DF90357E8E17F2B29D4B15E6CB358EF7 {
   "expression": "1"
}
[1701370945.865][DEBUG]: DevTools WebSocket Event: DOM.childNodeCountUpdated DF90357E8E17F2B29D4B15E6CB358EF7 {
   "childNodeCount": 42,
   "nodeId": 9
}
[1701370945.868][DEBUG]: DevTools WebSocket Response: Runtime.evaluate (id=25) DF90357E8E17F2B29D4B15E6CB358EF7 {
   "result": {
      "description": "1",
      "type": "number",
      "value": 1
   }
}
[1701370945.903][DEBUG]: DevTools WebSocket Event: Page.frameResized DF90357E8E17F2B29D4B15E6CB358EF7 {

}
[1701370945.903][DEBUG]: DevTools WebSocket Command: Runtime.evaluate (id=26) DF90357E8E17F2B29D4B15E6CB358EF7 {
   "expression": "1"
}
[1701370945.905][DEBUG]: DevTools WebSocket Response: Runtime.evaluate (id=26) DF90357E8E17F2B29D4B15E6CB358EF7 {
   "result": {
      "description": "1",
      "type": "number",
      "value": 1
   }
}
[1701370945.938][DEBUG]: DevTools WebSocket Event: DOM.childNodeCountUpdated DF90357E8E17F2B29D4B15E6CB358EF7 {
   "childNodeCount": 41,
   "nodeId": 9
}
[1701370945.938][DEBUG]: DevTools WebSocket Command: Runtime.evaluate (id=27) DF90357E8E17F2B29D4B15E6CB358EF7 {
   "expression": "1"
}
[1701370945.939][DEBUG]: DevTools WebSocket Response: Runtime.evaluate (id=27) DF90357E8E17F2B29D4B15E6CB358EF7 {
   "result": {
      "description": "1",
      "type": "number",
      "value": 1
   }
}
[1701370945.957][DEBUG]: DevTools WebSocket Event: DOM.childNodeCountUpdated DF90357E8E17F2B29D4B15E6CB358EF7 {
   "childNodeCount": 40,
   "nodeId": 9
}
[1701370945.957][DEBUG]: DevTools WebSocket Command: Runtime.evaluate (id=28) DF90357E8E17F2B29D4B15E6CB358EF7 {
   "expression": "1"
}
[1701370945.958][DEBUG]: DevTools WebSocket Response: Runtime.evaluate (id=28) DF90357E8E17F2B29D4B15E6CB358EF7 {
   "result": {
      "description": "1",
      "type": "number",
      "value": 1
   }
}
[1701370946.022][DEBUG]: DevTools WebSocket Event: DOM.childNodeCountUpdated DF90357E8E17F2B29D4B15E6CB358EF7 {
   "childNodeCount": 39,
   "nodeId": 9
}
[1701370946.022][DEBUG]: DevTools WebSocket Command: Runtime.evaluate (id=29) DF90357E8E17F2B29D4B15E6CB358EF7 {
   "expression": "1"
}
[1701370946.025][DEBUG]: DevTools WebSocket Event: Page.loadEventFired DF90357E8E17F2B29D4B15E6CB358EF7 {
   "timestamp": 4218.511191
}
[1701370946.025][DEBUG]: DevTools WebSocket Command: Runtime.evaluate (id=30) DF90357E8E17F2B29D4B15E6CB358EF7 {
   "awaitPromise": false,
   "expression": "document.readyState",
   "returnByValue": true
}
[1701370946.025][DEBUG]: DevTools WebSocket Event: Page.frameStoppedLoading DF90357E8E17F2B29D4B15E6CB358EF7 {
   "frameId": "DF90357E8E17F2B29D4B15E6CB358EF7"
}
[1701370946.063][DEBUG]: DevTools WebSocket Event: DOM.childNodeInserted DF90357E8E17F2B29D4B15E6CB358EF7 {
   "node": {
      "attributes": [  ],
      "backendNodeId": 63,
      "childNodeCount": 0,
      "localName": "fieldset",
      "nodeId": 11,
      "nodeName": "FIELDSET",
      "nodeType": 1,
      "nodeValue": ""
   },
   "parentNodeId": 8,
   "previousNodeId": 10
}
[1701370946.063][DEBUG]: DevTools WebSocket Event: DOM.attributeModified DF90357E8E17F2B29D4B15E6CB358EF7 {
   "name": "id",
   "nodeId": 11,
   "value": "jQuery3710013203952727519397"
}
[1701370946.063][DEBUG]: DevTools WebSocket Event: DOM.childNodeRemoved DF90357E8E17F2B29D4B15E6CB358EF7 {
   "nodeId": 11,
   "parentNodeId": 8
}
[1701370946.063][DEBUG]: DevTools WebSocket Event: DOM.childNodeInserted DF90357E8E17F2B29D4B15E6CB358EF7 {
   "node": {
      "attributes": [  ],
      "backendNodeId": 64,
      "childNodeCount": 0,
      "localName": "fieldset",
      "nodeId": 12,
      "nodeName": "FIELDSET",
      "nodeType": 1,
      "nodeValue": ""
   },
   "parentNodeId": 8,
   "previousNodeId": 10
}
[1701370946.063][DEBUG]: DevTools WebSocket Event: DOM.childNodeCountUpdated DF90357E8E17F2B29D4B15E6CB358EF7 {
   "childNodeCount": 1,
   "nodeId": 12
}
[1701370946.063][DEBUG]: DevTools WebSocket Event: DOM.childNodeCountUpdated DF90357E8E17F2B29D4B15E6CB358EF7 {
   "childNodeCount": 2,
   "nodeId": 12
}
[1701370946.063][DEBUG]: DevTools WebSocket Event: DOM.childNodeCountUpdated DF90357E8E17F2B29D4B15E6CB358EF7 {
   "childNodeCount": 3,
   "nodeId": 12
}
[1701370946.063][DEBUG]: DevTools WebSocket Event: DOM.childNodeRemoved DF90357E8E17F2B29D4B15E6CB358EF7 {
   "nodeId": 12,
   "parentNodeId": 8
}
[1701370946.063][DEBUG]: DevTools WebSocket Event: DOM.childNodeInserted DF90357E8E17F2B29D4B15E6CB358EF7 {
   "node": {
      "attributes": [  ],
      "backendNodeId": 64,
      "childNodeCount": 3,
      "localName": "fieldset",
      "nodeId": 13,
      "nodeName": "FIELDSET",
      "nodeType": 1,
      "nodeValue": ""
   },
   "parentNodeId": 8,
   "previousNodeId": 10
}
[1701370946.063][DEBUG]: DevTools WebSocket Event: DOM.attributeModified DF90357E8E17F2B29D4B15E6CB358EF7 {
   "name": "disabled",
   "nodeId": 13,
   "value": ""
}
[1701370946.063][DEBUG]: DevTools WebSocket Event: DOM.childNodeCountUpdated DF90357E8E17F2B29D4B15E6CB358EF7 {
   "childNodeCount": 4,
   "nodeId": 13
}
[1701370946.063][DEBUG]: DevTools WebSocket Event: DOM.childNodeRemoved DF90357E8E17F2B29D4B15E6CB358EF7 {
   "nodeId": 13,
   "parentNodeId": 8
}
[1701370946.063][DEBUG]: DevTools WebSocket Event: DOM.childNodeCountUpdated DF90357E8E17F2B29D4B15E6CB358EF7 {
   "childNodeCount": 40,
   "nodeId": 9
}
[1701370946.063][DEBUG]: DevTools WebSocket Event: DOM.childNodeCountUpdated DF90357E8E17F2B29D4B15E6CB358EF7 {
   "childNodeCount": 41,
   "nodeId": 9
}
[1701370946.063][DEBUG]: DevTools WebSocket Event: DOM.childNodeCountUpdated DF90357E8E17F2B29D4B15E6CB358EF7 {
   "childNodeCount": 42,
   "nodeId": 9
}
[1701370946.063][DEBUG]: DevTools WebSocket Event: DOM.childNodeCountUpdated DF90357E8E17F2B29D4B15E6CB358EF7 {
   "childNodeCount": 41,
   "nodeId": 9
}
[1701370946.073][DEBUG]: DevTools WebSocket Event: DOM.childNodeCountUpdated DF90357E8E17F2B29D4B15E6CB358EF7 {
   "childNodeCount": 42,
   "nodeId": 9
}
[1701370946.073][DEBUG]: DevTools WebSocket Event: DOM.childNodeCountUpdated DF90357E8E17F2B29D4B15E6CB358EF7 {
   "childNodeCount": 43,
   "nodeId": 9
}
[1701370946.073][DEBUG]: DevTools WebSocket Response: Runtime.evaluate (id=29) DF90357E8E17F2B29D4B15E6CB358EF7 {
   "result": {
      "description": "1",
      "type": "number",
      "value": 1
   }
}
[1701370946.073][DEBUG]: DevTools WebSocket Response: Runtime.evaluate (id=30) DF90357E8E17F2B29D4B15E6CB358EF7 {
   "result": {
      "type": "string",
      "value": "complete"
   }
}
[1701370946.073][INFO]: Done waiting for pending navigations. Status: ok
[1701370946.073][INFO]: [a23f1d30f9464c6c8f330350a3d00426] RESPONSE Navigate
[1701370946.109][INFO]: [a23f1d30f9464c6c8f330350a3d00426] COMMAND FindElement {
   "using": "xpath",
   "value": "(//input[@type='checkbox'])[1]"
}
[1701370946.109][INFO]: Waiting for pending navigations...
[1701370946.109][DEBUG]: DevTools WebSocket Command: Runtime.evaluate (id=31) DF90357E8E17F2B29D4B15E6CB358EF7 {
   "expression": "1"
}
[1701370946.116][DEBUG]: DevTools WebSocket Event: DOM.attributeModified DF90357E8E17F2B29D4B15E6CB358EF7 {
   "name": "class",
   "nodeId": 8,
   "value": "client-js vector-feature-language-in-header-enabled vector-feature-language-in-main-page-header-disabled vector-feature-sticky-header-disabled vector-feature-page-tools-pinned-disabled vector-featu..."
}
[1701370946.116][DEBUG]: DevTools WebSocket Event: DOM.attributeModified DF90357E8E17F2B29D4B15E6CB358EF7 {
   "name": "class",
   "nodeId": 10,
   "value": "skin-vector skin-vector-search-vue mediawiki ltr sitedir-ltr mw-hide-empty-elt ns-0 ns-subject page-Main_Page rootpage-Main_Page skin-vector-2022 action-view uls-dialog-sticky-hide"
}
[1701370946.119][DEBUG]: DevTools WebSocket Response: Runtime.evaluate (id=31) DF90357E8E17F2B29D4B15E6CB358EF7 {
   "result": {
      "description": "1",
      "type": "number",
      "value": 1
   }
}
[1701370946.119][INFO]: Done waiting for pending navigations. Status: ok
[1701370946.127][DEBUG]: DevTools WebSocket Command: Runtime.evaluate (id=32) DF90357E8E17F2B29D4B15E6CB358EF7 {
   "awaitPromise": true,
   "expression": "(function() { // Copyright (c) 2012 The Chromium Authors. All rights reserved.\n// Use of this source code is governed by a BSD-style license that can be\n// found in the LICENSE file.\n\n/**\n * Enum f...",
   "returnByValue": true
}
[1701370946.130][DEBUG]: DevTools WebSocket Event: DOM.childNodeCountUpdated DF90357E8E17F2B29D4B15E6CB358EF7 {
   "childNodeCount": 44,
   "nodeId": 9
}
[1701370946.134][DEBUG]: DevTools WebSocket Event: DOM.childNodeCountUpdated DF90357E8E17F2B29D4B15E6CB358EF7 {
   "childNodeCount": 7,
   "nodeId": 10
}
[1701370946.142][DEBUG]: DevTools WebSocket Event: DOM.childNodeCountUpdated DF90357E8E17F2B29D4B15E6CB358EF7 {
   "childNodeCount": 45,
   "nodeId": 9
}
[1701370946.142][DEBUG]: DevTools WebSocket Event: DOM.attributeModified DF90357E8E17F2B29D4B15E6CB358EF7 {
   "name": "class",
   "nodeId": 8,
   "value": "client-js vector-feature-language-in-header-enabled vector-feature-language-in-main-page-header-disabled vector-feature-sticky-header-disabled vector-feature-page-tools-pinned-disabled vector-featu..."
}
[1701370946.149][DEBUG]: DevTools WebSocket Response: Runtime.evaluate (id=32) DF90357E8E17F2B29D4B15E6CB358EF7 {
   "result": {
      "type": "object",
      "value": {
         "status": 0,
         "value": {
            "element-6066-11e4-a52e-4f735466cecf": "edea6184-f178-4fd5-9f97-9ad1ee850b18"
         }
      }
   }
}
[1701370946.149][INFO]: Waiting for pending navigations...
[1701370946.149][DEBUG]: DevTools WebSocket Command: Runtime.evaluate (id=33) DF90357E8E17F2B29D4B15E6CB358EF7 {
   "expression": "1"
}
[1701370946.151][DEBUG]: DevTools WebSocket Event: DOM.childNodeCountUpdated DF90357E8E17F2B29D4B15E6CB358EF7 {
   "childNodeCount": 44,
   "nodeId": 9
}
[1701370946.153][DEBUG]: DevTools WebSocket Event: DOM.childNodeCountUpdated DF90357E8E17F2B29D4B15E6CB358EF7 {
   "childNodeCount": 8,
   "nodeId": 10
}
[1701370946.161][DEBUG]: DevTools WebSocket Event: DOM.childNodeCountUpdated DF90357E8E17F2B29D4B15E6CB358EF7 {
   "childNodeCount": 45,
   "nodeId": 9
}
[1701370946.162][DEBUG]: DevTools WebSocket Event: DOM.childNodeCountUpdated DF90357E8E17F2B29D4B15E6CB358EF7 {
   "childNodeCount": 44,
   "nodeId": 9
}
[1701370946.162][DEBUG]: DevTools WebSocket Response: Runtime.evaluate (id=33) DF90357E8E17F2B29D4B15E6CB358EF7 {
   "result": {
      "description": "1",
      "type": "number",
      "value": 1
   }
}
[1701370946.162][INFO]: Done waiting for pending navigations. Status: ok
[1701370946.162][INFO]: [a23f1d30f9464c6c8f330350a3d00426] RESPONSE FindElement {
   "element-6066-11e4-a52e-4f735466cecf": "edea6184-f178-4fd5-9f97-9ad1ee850b18"
}
[1701370946.192][INFO]: [a23f1d30f9464c6c8f330350a3d00426] COMMAND ClickElement {
   "id": "edea6184-f178-4fd5-9f97-9ad1ee850b18"
}
[1701370946.192][DEBUG]: DevTools WebSocket Event: DOM.childNodeCountUpdated DF90357E8E17F2B29D4B15E6CB358EF7 {
   "childNodeCount": 43,
   "nodeId": 9
}
[1701370946.192][DEBUG]: DevTools WebSocket Event: DOM.childNodeCountUpdated DF90357E8E17F2B29D4B15E6CB358EF7 {
   "childNodeCount": 44,
   "nodeId": 9
}
[1701370946.192][INFO]: Waiting for pending navigations...
[1701370946.192][DEBUG]: DevTools WebSocket Command: Runtime.evaluate (id=34) DF90357E8E17F2B29D4B15E6CB358EF7 {
   "expression": "1"
}
[1701370946.210][DEBUG]: DevTools WebSocket Event: DOM.childNodeCountUpdated DF90357E8E17F2B29D4B15E6CB358EF7 {
   "childNodeCount": 45,
   "nodeId": 9
}
[1701370946.210][DEBUG]: DevTools WebSocket Response: Runtime.evaluate (id=34) DF90357E8E17F2B29D4B15E6CB358EF7 {
   "result": {
      "description": "1",
      "type": "number",
      "value": 1
   }
}
[1701370946.210][INFO]: Done waiting for pending navigations. Status: ok
[1701370946.211][DEBUG]: DevTools WebSocket Command: Runtime.evaluate (id=35) DF90357E8E17F2B29D4B15E6CB358EF7 {
   "awaitPromise": true,
   "expression": "(function() { // Copyright (c) 2012 The Chromium Authors. All rights reserved.\n// Use of this source code is governed by a BSD-style license that can be\n// found in the LICENSE file.\n\n/**\n * Enum f...",
   "returnByValue": true
}
[1701370946.213][DEBUG]: DevTools WebSocket Response: Runtime.evaluate (id=35) DF90357E8E17F2B29D4B15E6CB358EF7 {
   "result": {
      "type": "object",
      "value": {
         "status": 0,
         "value": "input"
      }
   }
}
[1701370946.215][DEBUG]: DevTools WebSocket Command: Runtime.evaluate (id=36) DF90357E8E17F2B29D4B15E6CB358EF7 {
   "awaitPromise": true,
   "expression": "(function() { // Copyright (c) 2012 The Chromium Authors. All rights reserved.\n// Use of this source code is governed by a BSD-style license that can be\n// found in the LICENSE file.\n\n/**\n * Enum f...",
   "returnByValue": true
}
[1701370946.220][DEBUG]: DevTools WebSocket Response: Runtime.evaluate (id=36) DF90357E8E17F2B29D4B15E6CB358EF7 {
   "result": {
      "type": "object",
      "value": {
         "status": 0,
         "value": "checkbox"
      }
   }
}
[1701370946.221][DEBUG]: DevTools WebSocket Command: Runtime.evaluate (id=37) DF90357E8E17F2B29D4B15E6CB358EF7 {
   "awaitPromise": true,
   "expression": "(function() { // Copyright (c) 2012 The Chromium Authors. All rights reserved.\n// Use of this source code is governed by a BSD-style license that can be\n// found in the LICENSE file.\n\n/**\n * Enum f...",
   "returnByValue": true
}
[1701370946.221][DEBUG]: DevTools WebSocket Response: Runtime.evaluate (id=37) DF90357E8E17F2B29D4B15E6CB358EF7 {
   "result": {
      "type": "object",
      "value": {
         "status": 0,
         "value": "input"
      }
   }
}
[1701370946.224][DEBUG]: DevTools WebSocket Command: Runtime.evaluate (id=38) DF90357E8E17F2B29D4B15E6CB358EF7 {
   "awaitPromise": true,
   "expression": "(function() { // Copyright (c) 2012 The Chromium Authors. All rights reserved.\n// Use of this source code is governed by a BSD-style license that can be\n// found in the LICENSE file.\n\n/**\n * Enum f...",
   "returnByValue": true
}
[1701370946.232][DEBUG]: DevTools WebSocket Response: Runtime.evaluate (id=38) DF90357E8E17F2B29D4B15E6CB358EF7 {
   "result": {
      "type": "object",
      "value": {
         "status": 0,
         "value": true
      }
   }
}
[1701370946.232][DEBUG]: DevTools WebSocket Command: Runtime.evaluate (id=39) DF90357E8E17F2B29D4B15E6CB358EF7 {
   "awaitPromise": true,
   "expression": "(function() { // Copyright (c) 2012 The Chromium Authors. All rights reserved.\n// Use of this source code is governed by a BSD-style license that can be\n// found in the LICENSE file.\n\n/**\n * Enum f...",
   "returnByValue": true
}
[1701370946.235][DEBUG]: DevTools WebSocket Response: Runtime.evaluate (id=39) DF90357E8E17F2B29D4B15E6CB358EF7 {
   "result": {
      "type": "object",
      "value": {
         "status": 0,
         "value": {
            "height": 32,
            "left": 0,
            "top": 0,
            "width": 32
         }
      }
   }
}
[1701370946.236][DEBUG]: DevTools WebSocket Command: Runtime.evaluate (id=40) DF90357E8E17F2B29D4B15E6CB358EF7 {
   "awaitPromise": true,
   "expression": "(function() { // Copyright (c) 2012 The Chromium Authors. All rights reserved.\n// Use of this source code is governed by a BSD-style license that can be\n// found in the LICENSE file.\n\n/**\n * Enum f...",
   "returnByValue": true
}
[1701370946.242][DEBUG]: DevTools WebSocket Response: Runtime.evaluate (id=40) DF90357E8E17F2B29D4B15E6CB358EF7 {
   "result": {
      "type": "object",
      "value": {
         "status": 0,
         "value": {
            "ceil": {

            },
            "clone": {

            },
            "floor": {

            },
            "round": {

            },
            "scale": {

            },
            "translate": {

            },
            "x": 200.5,
            "y": 17
         }
      }
   }
}
[1701370946.244][DEBUG]: DevTools WebSocket Command: Runtime.evaluate (id=41) DF90357E8E17F2B29D4B15E6CB358EF7 {
   "awaitPromise": true,
   "expression": "(function() { // Copyright (c) 2012 The Chromium Authors. All rights reserved.\n// Use of this source code is governed by a BSD-style license that can be\n// found in the LICENSE file.\n\n/**\n * Enum f...",
   "returnByValue": true
}
[1701370946.248][DEBUG]: DevTools WebSocket Response: Runtime.evaluate (id=41) DF90357E8E17F2B29D4B15E6CB358EF7 {
   "result": {
      "type": "object",
      "value": {
         "status": 0,
         "value": {
            "clickable": true
         }
      }
   }
}
[1701370946.248][DEBUG]: DevTools WebSocket Command: Input.dispatchMouseEvent (id=42) DF90357E8E17F2B29D4B15E6CB358EF7 {
   "button": "none",
   "buttons": 0,
   "clickCount": 0,
   "force": 0.0,
   "modifiers": 0,
   "pointerType": "mouse",
   "tangentialPressure": 0.0,
   "tiltX": 0,
   "tiltY": 0,
   "twist": 0,
   "type": "mouseMoved",
   "x": 216,
   "y": 33
}
[1701370946.248][DEBUG]: DevTools WebSocket Command: Input.dispatchMouseEvent (id=43) DF90357E8E17F2B29D4B15E6CB358EF7 {
   "button": "left",
   "buttons": 0,
   "clickCount": 1,
   "force": 0.0,
   "modifiers": 0,
   "pointerType": "mouse",
   "tangentialPressure": 0.0,
   "tiltX": 0,
   "tiltY": 0,
   "twist": 0,
   "type": "mousePressed",
   "x": 216,
   "y": 33
}
[1701370946.249][DEBUG]: DevTools WebSocket Command: Input.dispatchMouseEvent (id=44) DF90357E8E17F2B29D4B15E6CB358EF7 {
   "button": "left",
   "buttons": 1,
   "clickCount": 1,
   "force": 0.0,
   "modifiers": 0,
   "pointerType": "mouse",
   "tangentialPressure": 0.0,
   "tiltX": 0,
   "tiltY": 0,
   "twist": 0,
   "type": "mouseReleased",
   "x": 216,
   "y": 33
}
[1701370946.251][DEBUG]: DevTools WebSocket Response: Input.dispatchMouseEvent (id=42) DF90357E8E17F2B29D4B15E6CB358EF7 {

}
[1701370946.254][DEBUG]: DevTools WebSocket Response: Input.dispatchMouseEvent (id=43) DF90357E8E17F2B29D4B15E6CB358EF7 {

}
[1701370946.256][DEBUG]: DevTools WebSocket Response: Input.dispatchMouseEvent (id=44) DF90357E8E17F2B29D4B15E6CB358EF7 {

}
[1701370946.256][INFO]: Waiting for pending navigations...
[1701370946.256][DEBUG]: DevTools WebSocket Command: Runtime.evaluate (id=45) DF90357E8E17F2B29D4B15E6CB358EF7 {
   "expression": "1"
}
[1701370946.259][DEBUG]: DevTools WebSocket Response: Runtime.evaluate (id=45) DF90357E8E17F2B29D4B15E6CB358EF7 {
   "result": {
      "description": "1",
      "type": "number",
      "value": 1
   }
}
[1701370946.259][INFO]: Done waiting for pending navigations. Status: ok
[1701370946.259][INFO]: [a23f1d30f9464c6c8f330350a3d00426] RESPONSE ClickElement
[1701370946.297][INFO]: [a23f1d30f9464c6c8f330350a3d00426] COMMAND FindElement {
   "using": "xpath",
   "value": "(//button[text()='move to sidebar'])[1]"
}
[1701370946.297][INFO]: Waiting for pending navigations...
[1701370946.297][DEBUG]: DevTools WebSocket Command: Runtime.evaluate (id=46) DF90357E8E17F2B29D4B15E6CB358EF7 {
   "expression": "1"
}
[1701370946.297][DEBUG]: DevTools WebSocket Response: Runtime.evaluate (id=46) DF90357E8E17F2B29D4B15E6CB358EF7 {
   "result": {
      "description": "1",
      "type": "number",
      "value": 1
   }
}
[1701370946.297][INFO]: Done waiting for pending navigations. Status: ok
[1701370946.300][DEBUG]: DevTools WebSocket Command: Runtime.evaluate (id=47) DF90357E8E17F2B29D4B15E6CB358EF7 {
   "awaitPromise": true,
   "expression": "(function() { // Copyright (c) 2012 The Chromium Authors. All rights reserved.\n// Use of this source code is governed by a BSD-style license that can be\n// found in the LICENSE file.\n\n/**\n * Enum f...",
   "returnByValue": true
}
[1701370946.308][DEBUG]: DevTools WebSocket Response: Runtime.evaluate (id=47) DF90357E8E17F2B29D4B15E6CB358EF7 {
   "result": {
      "type": "object",
      "value": {
         "status": 0,
         "value": {
            "element-6066-11e4-a52e-4f735466cecf": "ba5477bc-c7c6-4db7-9603-1c8201497ed6"
         }
      }
   }
}
[1701370946.308][INFO]: Waiting for pending navigations...
[1701370946.308][DEBUG]: DevTools WebSocket Command: Runtime.evaluate (id=48) DF90357E8E17F2B29D4B15E6CB358EF7 {
   "expression": "1"
}
[1701370946.309][DEBUG]: DevTools WebSocket Response: Runtime.evaluate (id=48) DF90357E8E17F2B29D4B15E6CB358EF7 {
   "result": {
      "description": "1",
      "type": "number",
      "value": 1
   }
}
[1701370946.311][INFO]: Done waiting for pending navigations. Status: ok
[1701370946.311][INFO]: [a23f1d30f9464c6c8f330350a3d00426] RESPONSE FindElement {
   "element-6066-11e4-a52e-4f735466cecf": "ba5477bc-c7c6-4db7-9603-1c8201497ed6"
}
[1701370946.336][INFO]: [a23f1d30f9464c6c8f330350a3d00426] COMMAND ClickElement {
   "id": "ba5477bc-c7c6-4db7-9603-1c8201497ed6"
}
[1701370946.336][INFO]: Waiting for pending navigations...
[1701370946.336][DEBUG]: DevTools WebSocket Command: Runtime.evaluate (id=49) DF90357E8E17F2B29D4B15E6CB358EF7 {
   "expression": "1"
}
[1701370946.337][DEBUG]: DevTools WebSocket Response: Runtime.evaluate (id=49) DF90357E8E17F2B29D4B15E6CB358EF7 {
   "result": {
      "description": "1",
      "type": "number",
      "value": 1
   }
}
[1701370946.337][INFO]: Done waiting for pending navigations. Status: ok
[1701370946.337][DEBUG]: DevTools WebSocket Command: Runtime.evaluate (id=50) DF90357E8E17F2B29D4B15E6CB358EF7 {
   "awaitPromise": true,
   "expression": "(function() { // Copyright (c) 2012 The Chromium Authors. All rights reserved.\n// Use of this source code is governed by a BSD-style license that can be\n// found in the LICENSE file.\n\n/**\n * Enum f...",
   "returnByValue": true
}
[1701370946.339][DEBUG]: DevTools WebSocket Response: Runtime.evaluate (id=50) DF90357E8E17F2B29D4B15E6CB358EF7 {
   "result": {
      "type": "object",
      "value": {
         "status": 0,
         "value": "button"
      }
   }
}
[1701370946.339][DEBUG]: DevTools WebSocket Command: Runtime.evaluate (id=51) DF90357E8E17F2B29D4B15E6CB358EF7 {
   "awaitPromise": true,
   "expression": "(function() { // Copyright (c) 2012 The Chromium Authors. All rights reserved.\n// Use of this source code is governed by a BSD-style license that can be\n// found in the LICENSE file.\n\n/**\n * Enum f...",
   "returnByValue": true
}
[1701370946.340][DEBUG]: DevTools WebSocket Response: Runtime.evaluate (id=51) DF90357E8E17F2B29D4B15E6CB358EF7 {
   "result": {
      "type": "object",
      "value": {
         "status": 0,
         "value": "button"
      }
   }
}
[1701370946.342][DEBUG]: DevTools WebSocket Command: Runtime.evaluate (id=52) DF90357E8E17F2B29D4B15E6CB358EF7 {
   "awaitPromise": true,
   "expression": "(function() { // Copyright (c) 2012 The Chromium Authors. All rights reserved.\n// Use of this source code is governed by a BSD-style license that can be\n// found in the LICENSE file.\n\n/**\n * Enum f...",
   "returnByValue": true
}
[1701370946.351][DEBUG]: DevTools WebSocket Response: Runtime.evaluate (id=52) DF90357E8E17F2B29D4B15E6CB358EF7 {
   "result": {
      "type": "object",
      "value": {
         "status": 0,
         "value": true
      }
   }
}
[1701370946.352][DEBUG]: DevTools WebSocket Command: Runtime.evaluate (id=53) DF90357E8E17F2B29D4B15E6CB358EF7 {
   "awaitPromise": true,
   "expression": "(function() { // Copyright (c) 2012 The Chromium Authors. All rights reserved.\n// Use of this source code is governed by a BSD-style license that can be\n// found in the LICENSE file.\n\n/**\n * Enum f...",
   "returnByValue": true
}
[1701370946.354][DEBUG]: DevTools WebSocket Response: Runtime.evaluate (id=53) DF90357E8E17F2B29D4B15E6CB358EF7 {
   "result": {
      "type": "object",
      "value": {
         "status": 0,
         "value": {
            "height": 16,
            "left": 0,
            "top": 0,
            "width": 107.390625
         }
      }
   }
}
[1701370946.355][DEBUG]: DevTools WebSocket Command: Runtime.evaluate (id=54) DF90357E8E17F2B29D4B15E6CB358EF7 {
   "awaitPromise": true,
   "expression": "(function() { // Copyright (c) 2012 The Chromium Authors. All rights reserved.\n// Use of this source code is governed by a BSD-style license that can be\n// found in the LICENSE file.\n\n/**\n * Enum f...",
   "returnByValue": true
}
[1701370946.363][DEBUG]: DevTools WebSocket Response: Runtime.evaluate (id=54) DF90357E8E17F2B29D4B15E6CB358EF7 {
   "result": {
      "type": "object",
      "value": {
         "status": 0,
         "value": {
            "ceil": {

            },
            "clone": {

            },
            "floor": {

            },
            "round": {

            },
            "scale": {

            },
            "translate": {

            },
            "x": 214.5,
            "y": 76
         }
      }
   }
}
[1701370946.365][DEBUG]: DevTools WebSocket Command: Runtime.evaluate (id=55) DF90357E8E17F2B29D4B15E6CB358EF7 {
   "awaitPromise": true,
   "expression": "(function() { // Copyright (c) 2012 The Chromium Authors. All rights reserved.\n// Use of this source code is governed by a BSD-style license that can be\n// found in the LICENSE file.\n\n/**\n * Enum f...",
   "returnByValue": true
}
[1701370946.369][DEBUG]: DevTools WebSocket Response: Runtime.evaluate (id=55) DF90357E8E17F2B29D4B15E6CB358EF7 {
   "result": {
      "type": "object",
      "value": {
         "status": 0,
         "value": {
            "clickable": true
         }
      }
   }
}
[1701370946.369][DEBUG]: DevTools WebSocket Command: Input.dispatchMouseEvent (id=56) DF90357E8E17F2B29D4B15E6CB358EF7 {
   "button": "none",
   "buttons": 0,
   "clickCount": 0,
   "force": 0.0,
   "modifiers": 0,
   "pointerType": "mouse",
   "tangentialPressure": 0.0,
   "tiltX": 0,
   "tiltY": 0,
   "twist": 0,
   "type": "mouseMoved",
   "x": 267,
   "y": 84
}
[1701370946.369][DEBUG]: DevTools WebSocket Command: Input.dispatchMouseEvent (id=57) DF90357E8E17F2B29D4B15E6CB358EF7 {
   "button": "left",
   "buttons": 0,
   "clickCount": 1,
   "force": 0.0,
   "modifiers": 0,
   "pointerType": "mouse",
   "tangentialPressure": 0.0,
   "tiltX": 0,
   "tiltY": 0,
   "twist": 0,
   "type": "mousePressed",
   "x": 267,
   "y": 84
}
[1701370946.369][DEBUG]: DevTools WebSocket Command: Input.dispatchMouseEvent (id=58) DF90357E8E17F2B29D4B15E6CB358EF7 {
   "button": "left",
   "buttons": 1,
   "clickCount": 1,
   "force": 0.0,
   "modifiers": 0,
   "pointerType": "mouse",
   "tangentialPressure": 0.0,
   "tiltX": 0,
   "tiltY": 0,
   "twist": 0,
   "type": "mouseReleased",
   "x": 267,
   "y": 84
}
[1701370946.371][DEBUG]: DevTools WebSocket Response: Input.dispatchMouseEvent (id=56) DF90357E8E17F2B29D4B15E6CB358EF7 {

}
[1701370946.372][DEBUG]: DevTools WebSocket Response: Input.dispatchMouseEvent (id=57) DF90357E8E17F2B29D4B15E6CB358EF7 {

}
[1701370946.378][DEBUG]: DevTools WebSocket Response: Input.dispatchMouseEvent (id=58) DF90357E8E17F2B29D4B15E6CB358EF7 {

}
[1701370946.378][INFO]: Waiting for pending navigations...
[1701370946.378][DEBUG]: DevTools WebSocket Event: DOM.attributeModified DF90357E8E17F2B29D4B15E6CB358EF7 {
   "name": "class",
   "nodeId": 8,
   "value": "client-js vector-feature-language-in-header-enabled vector-feature-language-in-main-page-header-disabled vector-feature-sticky-header-disabled vector-feature-page-tools-pinned-disabled vector-featu..."
}
[1701370946.378][DEBUG]: DevTools WebSocket Event: DOM.attributeModified DF90357E8E17F2B29D4B15E6CB358EF7 {
   "name": "class",
   "nodeId": 8,
   "value": "client-js vector-feature-language-in-header-enabled vector-feature-language-in-main-page-header-disabled vector-feature-sticky-header-disabled vector-feature-page-tools-pinned-disabled vector-featu..."
}
[1701370946.378][DEBUG]: DevTools WebSocket Command: Runtime.evaluate (id=59) DF90357E8E17F2B29D4B15E6CB358EF7 {
   "expression": "1"
}
[1701370946.385][DEBUG]: DevTools WebSocket Response: Runtime.evaluate (id=59) DF90357E8E17F2B29D4B15E6CB358EF7 {
   "result": {
      "description": "1",
      "type": "number",
      "value": 1
   }
}
[1701370946.385][INFO]: Done waiting for pending navigations. Status: ok
[1701370946.385][INFO]: [a23f1d30f9464c6c8f330350a3d00426] RESPONSE ClickElement
[1701370946.407][INFO]: [a23f1d30f9464c6c8f330350a3d00426] COMMAND FindElement {
   "using": "xpath",
   "value": "//a[text()='About Wikipedia']"
}
[1701370946.407][INFO]: Waiting for pending navigations...
[1701370946.407][DEBUG]: DevTools WebSocket Command: Runtime.evaluate (id=60) DF90357E8E17F2B29D4B15E6CB358EF7 {
   "expression": "1"
}
[1701370946.407][DEBUG]: DevTools WebSocket Response: Runtime.evaluate (id=60) DF90357E8E17F2B29D4B15E6CB358EF7 {
   "result": {
      "description": "1",
      "type": "number",
      "value": 1
   }
}
[1701370946.407][INFO]: Done waiting for pending navigations. Status: ok
[1701370946.410][DEBUG]: DevTools WebSocket Command: Runtime.evaluate (id=61) DF90357E8E17F2B29D4B15E6CB358EF7 {
   "awaitPromise": true,
   "expression": "(function() { // Copyright (c) 2012 The Chromium Authors. All rights reserved.\n// Use of this source code is governed by a BSD-style license that can be\n// found in the LICENSE file.\n\n/**\n * Enum f...",
   "returnByValue": true
}
[1701370946.418][DEBUG]: DevTools WebSocket Response: Runtime.evaluate (id=61) DF90357E8E17F2B29D4B15E6CB358EF7 {
   "result": {
      "type": "object",
      "value": {
         "status": 0,
         "value": {
            "element-6066-11e4-a52e-4f735466cecf": "31543329-838c-406d-adb7-b4a508e31a2b"
         }
      }
   }
}
[1701370946.418][INFO]: Waiting for pending navigations...
[1701370946.418][DEBUG]: DevTools WebSocket Command: Runtime.evaluate (id=62) DF90357E8E17F2B29D4B15E6CB358EF7 {
   "expression": "1"
}
[1701370946.418][DEBUG]: DevTools WebSocket Response: Runtime.evaluate (id=62) DF90357E8E17F2B29D4B15E6CB358EF7 {
   "result": {
      "description": "1",
      "type": "number",
      "value": 1
   }
}
[1701370946.418][INFO]: Done waiting for pending navigations. Status: ok
[1701370946.418][INFO]: [a23f1d30f9464c6c8f330350a3d00426] RESPONSE FindElement {
   "element-6066-11e4-a52e-4f735466cecf": "31543329-838c-406d-adb7-b4a508e31a2b"
}
[1701370946.442][INFO]: [a23f1d30f9464c6c8f330350a3d00426] COMMAND ClickElement {
   "id": "31543329-838c-406d-adb7-b4a508e31a2b"
}
[1701370946.442][INFO]: Waiting for pending navigations...
[1701370946.442][DEBUG]: DevTools WebSocket Command: Runtime.evaluate (id=63) DF90357E8E17F2B29D4B15E6CB358EF7 {
   "expression": "1"
}
[1701370946.445][DEBUG]: DevTools WebSocket Response: Runtime.evaluate (id=63) DF90357E8E17F2B29D4B15E6CB358EF7 {
   "result": {
      "description": "1",
      "type": "number",
      "value": 1
   }
}
[1701370946.445][INFO]: Done waiting for pending navigations. Status: ok
[1701370946.446][DEBUG]: DevTools WebSocket Command: Runtime.evaluate (id=64) DF90357E8E17F2B29D4B15E6CB358EF7 {
   "awaitPromise": true,
   "expression": "(function() { // Copyright (c) 2012 The Chromium Authors. All rights reserved.\n// Use of this source code is governed by a BSD-style license that can be\n// found in the LICENSE file.\n\n/**\n * Enum f...",
   "returnByValue": true
}
[1701370946.448][DEBUG]: DevTools WebSocket Response: Runtime.evaluate (id=64) DF90357E8E17F2B29D4B15E6CB358EF7 {
   "result": {
      "type": "object",
      "value": {
         "status": 0,
         "value": "a"
      }
   }
}
[1701370946.448][DEBUG]: DevTools WebSocket Command: Runtime.evaluate (id=65) DF90357E8E17F2B29D4B15E6CB358EF7 {
   "awaitPromise": true,
   "expression": "(function() { // Copyright (c) 2012 The Chromium Authors. All rights reserved.\n// Use of this source code is governed by a BSD-style license that can be\n// found in the LICENSE file.\n\n/**\n * Enum f...",
   "returnByValue": true
}
[1701370946.449][DEBUG]: DevTools WebSocket Response: Runtime.evaluate (id=65) DF90357E8E17F2B29D4B15E6CB358EF7 {
   "result": {
      "type": "object",
      "value": {
         "status": 0,
         "value": "a"
      }
   }
}
[1701370946.451][DEBUG]: DevTools WebSocket Command: Runtime.evaluate (id=66) DF90357E8E17F2B29D4B15E6CB358EF7 {
   "awaitPromise": true,
   "expression": "(function() { // Copyright (c) 2012 The Chromium Authors. All rights reserved.\n// Use of this source code is governed by a BSD-style license that can be\n// found in the LICENSE file.\n\n/**\n * Enum f...",
   "returnByValue": true
}
[1701370946.458][DEBUG]: DevTools WebSocket Response: Runtime.evaluate (id=66) DF90357E8E17F2B29D4B15E6CB358EF7 {
   "result": {
      "type": "object",
      "value": {
         "status": 0,
         "value": true
      }
   }
}
[1701370946.458][DEBUG]: DevTools WebSocket Command: Runtime.evaluate (id=67) DF90357E8E17F2B29D4B15E6CB358EF7 {
   "awaitPromise": true,
   "expression": "(function() { // Copyright (c) 2012 The Chromium Authors. All rights reserved.\n// Use of this source code is governed by a BSD-style license that can be\n// found in the LICENSE file.\n\n/**\n * Enum f...",
   "returnByValue": true
}
[1701370946.460][DEBUG]: DevTools WebSocket Response: Runtime.evaluate (id=67) DF90357E8E17F2B29D4B15E6CB358EF7 {
   "result": {
      "type": "object",
      "value": {
         "status": 0,
         "value": {
            "height": 14,
            "left": 0,
            "top": 0,
            "width": 86.71875
         }
      }
   }
}
[1701370946.462][DEBUG]: DevTools WebSocket Command: Runtime.evaluate (id=68) DF90357E8E17F2B29D4B15E6CB358EF7 {
   "awaitPromise": true,
   "expression": "(function() { // Copyright (c) 2012 The Chromium Authors. All rights reserved.\n// Use of this source code is governed by a BSD-style license that can be\n// found in the LICENSE file.\n\n/**\n * Enum f...",
   "returnByValue": true
}
[1701370946.468][DEBUG]: DevTools WebSocket Response: Runtime.evaluate (id=68) DF90357E8E17F2B29D4B15E6CB358EF7 {
   "result": {
      "type": "object",
      "value": {
         "status": 0,
         "value": {
            "ceil": {

            },
            "clone": {

            },
            "floor": {

            },
            "round": {

            },
            "scale": {

            },
            "translate": {

            },
            "x": 291.859375,
            "y": 928.015625
         }
      }
   }
}
[1701370946.470][DEBUG]: DevTools WebSocket Command: Runtime.evaluate (id=69) DF90357E8E17F2B29D4B15E6CB358EF7 {
   "awaitPromise": true,
   "expression": "(function() { // Copyright (c) 2012 The Chromium Authors. All rights reserved.\n// Use of this source code is governed by a BSD-style license that can be\n// found in the LICENSE file.\n\n/**\n * Enum f...",
   "returnByValue": true
}
[1701370946.479][DEBUG]: DevTools WebSocket Response: Runtime.evaluate (id=69) DF90357E8E17F2B29D4B15E6CB358EF7 {
   "result": {
      "type": "object",
      "value": {
         "status": 0,
         "value": {
            "clickable": true
         }
      }
   }
}
[1701370946.479][DEBUG]: DevTools WebSocket Command: Input.dispatchMouseEvent (id=70) DF90357E8E17F2B29D4B15E6CB358EF7 {
   "button": "none",
   "buttons": 0,
   "clickCount": 0,
   "force": 0.0,
   "modifiers": 0,
   "pointerType": "mouse",
   "tangentialPressure": 0.0,
   "tiltX": 0,
   "tiltY": 0,
   "twist": 0,
   "type": "mouseMoved",
   "x": 334,
   "y": 935
}
[1701370946.479][DEBUG]: DevTools WebSocket Command: Input.dispatchMouseEvent (id=71) DF90357E8E17F2B29D4B15E6CB358EF7 {
   "button": "left",
   "buttons": 0,
   "clickCount": 1,
   "force": 0.0,
   "modifiers": 0,
   "pointerType": "mouse",
   "tangentialPressure": 0.0,
   "tiltX": 0,
   "tiltY": 0,
   "twist": 0,
   "type": "mousePressed",
   "x": 334,
   "y": 935
}
[1701370946.479][DEBUG]: DevTools WebSocket Command: Input.dispatchMouseEvent (id=72) DF90357E8E17F2B29D4B15E6CB358EF7 {
   "button": "left",
   "buttons": 1,
   "clickCount": 1,
   "force": 0.0,
   "modifiers": 0,
   "pointerType": "mouse",
   "tangentialPressure": 0.0,
   "tiltX": 0,
   "tiltY": 0,
   "twist": 0,
   "type": "mouseReleased",
   "x": 334,
   "y": 935
}
[1701370946.482][DEBUG]: DevTools WebSocket Response: Input.dispatchMouseEvent (id=70) DF90357E8E17F2B29D4B15E6CB358EF7 {

}
[1701370946.483][DEBUG]: DevTools WebSocket Response: Input.dispatchMouseEvent (id=71) DF90357E8E17F2B29D4B15E6CB358EF7 {

}
[1701370946.484][DEBUG]: DevTools WebSocket Event: Page.frameScheduledNavigation DF90357E8E17F2B29D4B15E6CB358EF7 {
   "delay": 0,
   "frameId": "DF90357E8E17F2B29D4B15E6CB358EF7",
   "reason": "anchorClick",
   "url": "https://en.wikipedia.org/wiki/Wikipedia:About"
}
[1701370946.484][DEBUG]: DevTools WebSocket Event: Page.frameRequestedNavigation DF90357E8E17F2B29D4B15E6CB358EF7 {
   "disposition": "currentTab",
   "frameId": "DF90357E8E17F2B29D4B15E6CB358EF7",
   "reason": "anchorClick",
   "url": "https://en.wikipedia.org/wiki/Wikipedia:About"
}
[1701370946.485][DEBUG]: DevTools WebSocket Event: Page.frameStartedLoading DF90357E8E17F2B29D4B15E6CB358EF7 {
   "frameId": "DF90357E8E17F2B29D4B15E6CB358EF7"
}
[1701370946.489][DEBUG]: DevTools WebSocket Event: Page.frameClearedScheduledNavigation DF90357E8E17F2B29D4B15E6CB358EF7 {
   "frameId": "DF90357E8E17F2B29D4B15E6CB358EF7"
}
[1701370946.489][DEBUG]: DevTools WebSocket Response: Input.dispatchMouseEvent (id=72) DF90357E8E17F2B29D4B15E6CB358EF7 {

}
[1701370946.489][INFO]: Waiting for pending navigations...
[1701370946.489][DEBUG]: DevTools WebSocket Command: Runtime.evaluate (id=73) DF90357E8E17F2B29D4B15E6CB358EF7 {
   "expression": "1"
}
[1701370946.563][DEBUG]: DevTools WebSocket Event: Runtime.executionContextsCleared DF90357E8E17F2B29D4B15E6CB358EF7 {

}
[1701370946.563][DEBUG]: DevTools WebSocket Event: Page.frameNavigated DF90357E8E17F2B29D4B15E6CB358EF7 {
   "frame": {
      "adFrameType": "none",
      "crossOriginIsolatedContextType": "NotIsolated",
      "domainAndRegistry": "wikipedia.org",
      "gatedAPIFeatures": [ "SharedArrayBuffersTransferAllowed" ],
      "id": "DF90357E8E17F2B29D4B15E6CB358EF7",
      "loaderId": "FB7BCE9E4633CABE4136532614F4E737",
      "mimeType": "text/html",
      "secureContextType": "Secure",
      "securityOrigin": "https://en.wikipedia.org",
      "url": "https://en.wikipedia.org/wiki/Wikipedia:About"
   }
}
[1701370946.564][DEBUG]: DevTools WebSocket Event: Runtime.executionContextCreated DF90357E8E17F2B29D4B15E6CB358EF7 {
   "context": {
      "auxData": {
         "frameId": "DF90357E8E17F2B29D4B15E6CB358EF7",
         "isDefault": true,
         "type": "default"
      },
      "id": 2,
      "name": "",
      "origin": "https://en.wikipedia.org",
      "uniqueId": "-672776029333936644.-1121999838456746639"
   }
}
[1701370946.564][DEBUG]: DevTools WebSocket Event: DOM.documentUpdated DF90357E8E17F2B29D4B15E6CB358EF7 {

}
[1701370946.564][DEBUG]: DevTools WebSocket Command: DOM.getDocument (id=74) DF90357E8E17F2B29D4B15E6CB358EF7 {

}
[1701370946.564][DEBUG]: DevTools WebSocket Response: Runtime.evaluate (id=73) DF90357E8E17F2B29D4B15E6CB358EF7 {
   "result": {
      "description": "1",
      "type": "number",
      "value": 1
   }
}
[1701370946.655][DEBUG]: DevTools WebSocket Response: DOM.getDocument (id=74) DF90357E8E17F2B29D4B15E6CB358EF7 {
   "root": {
      "backendNodeId": 77,
      "baseURL": "https://en.wikipedia.org/wiki/Wikipedia:About",
      "childNodeCount": 2,
      "children": [ {
         "backendNodeId": 123,
         "localName": "",
         "nodeId": 15,
         "nodeName": "html",
         "nodeType": 10,
         "nodeValue": "",
         "parentId": 14,
         "publicId": "",
         "systemId": ""
      }, {
         "attributes": [ "class", "client-js vector-feature-language-in-header-enabled vector-feature-language-in-main-page-header-disabled vector-feature-sticky-header-disabled vector-feature-page-tools-pinned-disabled vector-featu...", "lang", "en", "dir", "ltr" ],
         "backendNodeId": 124,
         "childNodeCount": 2,
         "children": [ {
            "attributes": [  ],
            "backendNodeId": 125,
            "childNodeCount": 27,
            "localName": "head",
            "nodeId": 17,
            "nodeName": "HEAD",
            "nodeType": 1,
            "nodeValue": "",
            "parentId": 16
         }, {
            "attributes": [ "class", "ext-discussiontools-replytool-enabled ext-discussiontools-newtopictool-enabled ext-discussiontools-sourcemodetoolbar-enabled skin-vector skin-vector-search-vue mediawiki ltr sitedir-ltr mw-hide-emp..." ],
            "backendNodeId": 122,
            "childNodeCount": 3,
            "localName": "body",
            "nodeId": 18,
            "nodeName": "BODY",
            "nodeType": 1,
            "nodeValue": "",
            "parentId": 16
         } ],
         "frameId": "DF90357E8E17F2B29D4B15E6CB358EF7",
         "localName": "html",
         "nodeId": 16,
         "nodeName": "HTML",
         "nodeType": 1,
         "nodeValue": "",
         "parentId": 14
      } ],
      "documentURL": "https://en.wikipedia.org/wiki/Wikipedia:About",
      "localName": "",
      "nodeId": 14,
      "nodeName": "#document",
      "nodeType": 9,
      "nodeValue": "",
      "xmlVersion": ""
   }
}
[1701370946.655][DEBUG]: DevTools WebSocket Command: Runtime.evaluate (id=75) DF90357E8E17F2B29D4B15E6CB358EF7 {
   "expression": "1"
}
[1701370946.668][DEBUG]: DevTools WebSocket Event: DOM.childNodeCountUpdated DF90357E8E17F2B29D4B15E6CB358EF7 {
   "childNodeCount": 28,
   "nodeId": 17
}
[1701370946.668][DEBUG]: DevTools WebSocket Event: DOM.childNodeCountUpdated DF90357E8E17F2B29D4B15E6CB358EF7 {
   "childNodeCount": 29,
   "nodeId": 17
}
[1701370946.668][DEBUG]: DevTools WebSocket Event: DOM.childNodeCountUpdated DF90357E8E17F2B29D4B15E6CB358EF7 {
   "childNodeCount": 30,
   "nodeId": 17
}
[1701370946.679][DEBUG]: DevTools WebSocket Response: Runtime.evaluate (id=75) DF90357E8E17F2B29D4B15E6CB358EF7 {
   "result": {
      "description": "1",
      "type": "number",
      "value": 1
   }
}
[1701370946.679][DEBUG]: DevTools WebSocket Event: DOM.childNodeCountUpdated DF90357E8E17F2B29D4B15E6CB358EF7 {
   "childNodeCount": 29,
   "nodeId": 17
}
[1701370946.680][DEBUG]: DevTools WebSocket Command: Runtime.evaluate (id=76) DF90357E8E17F2B29D4B15E6CB358EF7 {
   "expression": "1"
}
[1701370946.681][DEBUG]: DevTools WebSocket Event: DOM.childNodeCountUpdated DF90357E8E17F2B29D4B15E6CB358EF7 {
   "childNodeCount": 28,
   "nodeId": 17
}
[1701370946.683][DEBUG]: DevTools WebSocket Event: DOM.childNodeCountUpdated DF90357E8E17F2B29D4B15E6CB358EF7 {
   "childNodeCount": 4,
   "nodeId": 18
}
[1701370946.683][DEBUG]: DevTools WebSocket Response: Runtime.evaluate (id=76) DF90357E8E17F2B29D4B15E6CB358EF7 {
   "result": {
      "description": "1",
      "type": "number",
      "value": 1
   }
}
[1701370946.762][DEBUG]: DevTools WebSocket Event: DOM.childNodeCountUpdated DF90357E8E17F2B29D4B15E6CB358EF7 {
   "childNodeCount": 5,
   "nodeId": 18
}
[1701370946.762][DEBUG]: DevTools WebSocket Event: DOM.documentUpdated DF90357E8E17F2B29D4B15E6CB358EF7 {

}
[1701370946.762][DEBUG]: DevTools WebSocket Command: DOM.getDocument (id=77) DF90357E8E17F2B29D4B15E6CB358EF7 {

}
[1701370946.762][DEBUG]: DevTools WebSocket Event: Page.domContentEventFired DF90357E8E17F2B29D4B15E6CB358EF7 {
   "timestamp": 4219.251579
}
[1701370946.762][DEBUG]: DevTools WebSocket Command: Runtime.evaluate (id=78) DF90357E8E17F2B29D4B15E6CB358EF7 {
   "expression": "1"
}
[1701370946.782][DEBUG]: DevTools WebSocket Response: DOM.getDocument (id=77) DF90357E8E17F2B29D4B15E6CB358EF7 {
   "root": {
      "backendNodeId": 77,
      "baseURL": "https://en.wikipedia.org/wiki/Wikipedia:About",
      "childNodeCount": 2,
      "children": [ {
         "backendNodeId": 123,
         "localName": "",
         "nodeId": 20,
         "nodeName": "html",
         "nodeType": 10,
         "nodeValue": "",
         "parentId": 19,
         "publicId": "",
         "systemId": ""
      }, {
         "attributes": [ "class", "client-js vector-feature-language-in-header-enabled vector-feature-language-in-main-page-header-disabled vector-feature-sticky-header-disabled vector-feature-page-tools-pinned-disabled vector-featu...", "lang", "en", "dir", "ltr" ],
         "backendNodeId": 124,
         "childNodeCount": 2,
         "children": [ {
            "attributes": [  ],
            "backendNodeId": 125,
            "childNodeCount": 28,
            "localName": "head",
            "nodeId": 22,
            "nodeName": "HEAD",
            "nodeType": 1,
            "nodeValue": "",
            "parentId": 21
         }, {
            "attributes": [ "class", "ext-discussiontools-replytool-enabled ext-discussiontools-newtopictool-enabled ext-discussiontools-sourcemodetoolbar-enabled skin-vector skin-vector-search-vue mediawiki ltr sitedir-ltr mw-hide-emp..." ],
            "backendNodeId": 122,
            "childNodeCount": 5,
            "localName": "body",
            "nodeId": 23,
            "nodeName": "BODY",
            "nodeType": 1,
            "nodeValue": "",
            "parentId": 21
         } ],
         "frameId": "DF90357E8E17F2B29D4B15E6CB358EF7",
         "localName": "html",
         "nodeId": 21,
         "nodeName": "HTML",
         "nodeType": 1,
         "nodeValue": "",
         "parentId": 19
      } ],
      "documentURL": "https://en.wikipedia.org/wiki/Wikipedia:About",
      "localName": "",
      "nodeId": 19,
      "nodeName": "#document",
      "nodeType": 9,
      "nodeValue": "",
      "xmlVersion": ""
   }
}
[1701370946.783][DEBUG]: DevTools WebSocket Response: Runtime.evaluate (id=78) DF90357E8E17F2B29D4B15E6CB358EF7 {
   "result": {
      "description": "1",
      "type": "number",
      "value": 1
   }
}
[1701370946.830][DEBUG]: DevTools WebSocket Event: DOM.childNodeCountUpdated DF90357E8E17F2B29D4B15E6CB358EF7 {
   "childNodeCount": 27,
   "nodeId": 22
}
[1701370946.830][DEBUG]: DevTools WebSocket Command: Runtime.evaluate (id=79) DF90357E8E17F2B29D4B15E6CB358EF7 {
   "expression": "1"
}
[1701370946.834][DEBUG]: DevTools WebSocket Event: Page.loadEventFired DF90357E8E17F2B29D4B15E6CB358EF7 {
   "timestamp": 4219.320435
}
[1701370946.834][DEBUG]: DevTools WebSocket Command: Runtime.evaluate (id=80) DF90357E8E17F2B29D4B15E6CB358EF7 {
   "awaitPromise": false,
   "expression": "document.readyState",
   "returnByValue": true
}
[1701370946.835][DEBUG]: DevTools WebSocket Event: Page.frameStoppedLoading DF90357E8E17F2B29D4B15E6CB358EF7 {
   "frameId": "DF90357E8E17F2B29D4B15E6CB358EF7"
}
[1701370946.870][DEBUG]: DevTools WebSocket Event: DOM.childNodeInserted DF90357E8E17F2B29D4B15E6CB358EF7 {
   "node": {
      "attributes": [  ],
      "backendNodeId": 179,
      "childNodeCount": 0,
      "localName": "fieldset",
      "nodeId": 24,
      "nodeName": "FIELDSET",
      "nodeType": 1,
      "nodeValue": ""
   },
   "parentNodeId": 21,
   "previousNodeId": 23
}
[1701370946.870][DEBUG]: DevTools WebSocket Event: DOM.attributeModified DF90357E8E17F2B29D4B15E6CB358EF7 {
   "name": "id",
   "nodeId": 24,
   "value": "jQuery3710053998868658881705"
}
[1701370946.870][DEBUG]: DevTools WebSocket Event: DOM.childNodeRemoved DF90357E8E17F2B29D4B15E6CB358EF7 {
   "nodeId": 24,
   "parentNodeId": 21
}
[1701370946.870][DEBUG]: DevTools WebSocket Event: DOM.childNodeInserted DF90357E8E17F2B29D4B15E6CB358EF7 {
   "node": {
      "attributes": [  ],
      "backendNodeId": 180,
      "childNodeCount": 0,
      "localName": "fieldset",
      "nodeId": 25,
      "nodeName": "FIELDSET",
      "nodeType": 1,
      "nodeValue": ""
   },
   "parentNodeId": 21,
   "previousNodeId": 23
}
[1701370946.870][DEBUG]: DevTools WebSocket Event: DOM.childNodeCountUpdated DF90357E8E17F2B29D4B15E6CB358EF7 {
   "childNodeCount": 1,
   "nodeId": 25
}
[1701370946.870][DEBUG]: DevTools WebSocket Event: DOM.childNodeCountUpdated DF90357E8E17F2B29D4B15E6CB358EF7 {
   "childNodeCount": 2,
   "nodeId": 25
}
[1701370946.871][DEBUG]: DevTools WebSocket Event: DOM.childNodeCountUpdated DF90357E8E17F2B29D4B15E6CB358EF7 {
   "childNodeCount": 3,
   "nodeId": 25
}
[1701370946.871][DEBUG]: DevTools WebSocket Event: DOM.childNodeRemoved DF90357E8E17F2B29D4B15E6CB358EF7 {
   "nodeId": 25,
   "parentNodeId": 21
}
[1701370946.871][DEBUG]: DevTools WebSocket Event: DOM.childNodeInserted DF90357E8E17F2B29D4B15E6CB358EF7 {
   "node": {
      "attributes": [  ],
      "backendNodeId": 180,
      "childNodeCount": 3,
      "localName": "fieldset",
      "nodeId": 26,
      "nodeName": "FIELDSET",
      "nodeType": 1,
      "nodeValue": ""
   },
   "parentNodeId": 21,
   "previousNodeId": 23
}
[1701370946.871][DEBUG]: DevTools WebSocket Event: DOM.attributeModified DF90357E8E17F2B29D4B15E6CB358EF7 {
   "name": "disabled",
   "nodeId": 26,
   "value": ""
}
[1701370946.871][DEBUG]: DevTools WebSocket Event: DOM.childNodeCountUpdated DF90357E8E17F2B29D4B15E6CB358EF7 {
   "childNodeCount": 4,
   "nodeId": 26
}
[1701370946.871][DEBUG]: DevTools WebSocket Event: DOM.childNodeRemoved DF90357E8E17F2B29D4B15E6CB358EF7 {
   "nodeId": 26,
   "parentNodeId": 21
}
[1701370946.871][DEBUG]: DevTools WebSocket Event: DOM.childNodeCountUpdated DF90357E8E17F2B29D4B15E6CB358EF7 {
   "childNodeCount": 28,
   "nodeId": 22
}
[1701370946.871][DEBUG]: DevTools WebSocket Event: DOM.childNodeCountUpdated DF90357E8E17F2B29D4B15E6CB358EF7 {
   "childNodeCount": 29,
   "nodeId": 22
}
[1701370946.871][DEBUG]: DevTools WebSocket Event: DOM.childNodeCountUpdated DF90357E8E17F2B29D4B15E6CB358EF7 {
   "childNodeCount": 30,
   "nodeId": 22
}
[1701370946.871][DEBUG]: DevTools WebSocket Event: DOM.childNodeCountUpdated DF90357E8E17F2B29D4B15E6CB358EF7 {
   "childNodeCount": 29,
   "nodeId": 22
}
[1701370946.871][DEBUG]: DevTools WebSocket Response: Runtime.evaluate (id=79) DF90357E8E17F2B29D4B15E6CB358EF7 {
   "result": {
      "description": "1",
      "type": "number",
      "value": 1
   }
}
[1701370946.880][DEBUG]: DevTools WebSocket Event: DOM.childNodeCountUpdated DF90357E8E17F2B29D4B15E6CB358EF7 {
   "childNodeCount": 30,
   "nodeId": 22
}
[1701370946.880][DEBUG]: DevTools WebSocket Response: Runtime.evaluate (id=80) DF90357E8E17F2B29D4B15E6CB358EF7 {
   "result": {
      "type": "string",
      "value": "complete"
   }
}
[1701370946.880][INFO]: Done waiting for pending navigations. Status: ok
[1701370946.880][INFO]: [a23f1d30f9464c6c8f330350a3d00426] RESPONSE ClickElement
[1701370946.898][INFO]: [a23f1d30f9464c6c8f330350a3d00426] COMMAND GetUrl {

}
[1701370946.898][DEBUG]: DevTools WebSocket Event: DOM.childNodeCountUpdated DF90357E8E17F2B29D4B15E6CB358EF7 {
   "childNodeCount": 29,
   "nodeId": 22
}
[1701370946.898][DEBUG]: DevTools WebSocket Event: DOM.childNodeCountUpdated DF90357E8E17F2B29D4B15E6CB358EF7 {
   "childNodeCount": 28,
   "nodeId": 22
}
[1701370946.898][INFO]: Waiting for pending navigations...
[1701370946.898][DEBUG]: DevTools WebSocket Command: Runtime.evaluate (id=81) DF90357E8E17F2B29D4B15E6CB358EF7 {
   "expression": "1"
}
[1701370946.909][DEBUG]: DevTools WebSocket Event: DOM.attributeModified DF90357E8E17F2B29D4B15E6CB358EF7 {
   "name": "class",
   "nodeId": 21,
   "value": "client-js vector-feature-language-in-header-enabled vector-feature-language-in-main-page-header-disabled vector-feature-sticky-header-disabled vector-feature-page-tools-pinned-disabled vector-featu..."
}
[1701370946.909][DEBUG]: DevTools WebSocket Event: DOM.attributeModified DF90357E8E17F2B29D4B15E6CB358EF7 {
   "name": "class",
   "nodeId": 23,
   "value": "ext-discussiontools-replytool-enabled ext-discussiontools-newtopictool-enabled ext-discussiontools-sourcemodetoolbar-enabled skin-vector skin-vector-search-vue mediawiki ltr sitedir-ltr mw-hide-emp..."
}
[1701370946.909][DEBUG]: DevTools WebSocket Response: Runtime.evaluate (id=81) DF90357E8E17F2B29D4B15E6CB358EF7 {
   "result": {
      "description": "1",
      "type": "number",
      "value": 1
   }
}
[1701370946.909][INFO]: Done waiting for pending navigations. Status: ok
[1701370946.910][DEBUG]: DevTools WebSocket Command: Runtime.evaluate (id=82) DF90357E8E17F2B29D4B15E6CB358EF7 {
   "awaitPromise": true,
   "expression": "(function() { // Copyright (c) 2012 The Chromium Authors. All rights reserved.\n// Use of this source code is governed by a BSD-style license that can be\n// found in the LICENSE file.\n\n/**\n * Enum f...",
   "returnByValue": true
}
[1701370946.915][DEBUG]: DevTools WebSocket Event: DOM.childNodeCountUpdated DF90357E8E17F2B29D4B15E6CB358EF7 {
   "childNodeCount": 29,
   "nodeId": 22
}
[1701370946.917][DEBUG]: DevTools WebSocket Response: Runtime.evaluate (id=82) DF90357E8E17F2B29D4B15E6CB358EF7 {
   "result": {
      "type": "object",
      "value": {
         "status": 0,
         "value": "https://en.wikipedia.org/wiki/Wikipedia:About"
      }
   }
}
[1701370946.917][INFO]: Waiting for pending navigations...
[1701370946.917][DEBUG]: DevTools WebSocket Command: Runtime.evaluate (id=83) DF90357E8E17F2B29D4B15E6CB358EF7 {
   "expression": "1"
}
[1701370946.925][DEBUG]: DevTools WebSocket Event: DOM.childNodeCountUpdated DF90357E8E17F2B29D4B15E6CB358EF7 {
   "childNodeCount": 6,
   "nodeId": 23
}
[1701370946.933][DEBUG]: DevTools WebSocket Event: DOM.childNodeCountUpdated DF90357E8E17F2B29D4B15E6CB358EF7 {
   "childNodeCount": 30,
   "nodeId": 22
}
[1701370946.933][DEBUG]: DevTools WebSocket Response: Runtime.evaluate (id=83) DF90357E8E17F2B29D4B15E6CB358EF7 {
   "result": {
      "description": "1",
      "type": "number",
      "value": 1
   }
}
[1701370946.933][INFO]: Done waiting for pending navigations. Status: ok
[1701370946.933][INFO]: [a23f1d30f9464c6c8f330350a3d00426] RESPONSE GetUrl "https://en.wikipedia.org/wiki/Wikipedia:About"
[1701370946.962][INFO]: [a23f1d30f9464c6c8f330350a3d00426] COMMAND CloseWindow {

}
[1701370946.962][DEBUG]: DevTools HTTP Request: http://localhost:35247/json/list
[1701370946.965][DEBUG]: DevTools HTTP Response: [ {
   "description": "",
   "devtoolsFrontendUrl": "/devtools/inspector.html?ws=localhost:35247/devtools/page/DF90357E8E17F2B29D4B15E6CB358EF7",
   "faviconUrl": "https://en.wikipedia.org/static/favicon/wikipedia.ico",
   "id": "DF90357E8E17F2B29D4B15E6CB358EF7",
   "title": "Wikipedia:About - Wikipedia",
   "type": "page",
   "url": "https://en.wikipedia.org/wiki/Wikipedia:About",
   "webSocketDebuggerUrl": "ws://localhost:35247/devtools/page/DF90357E8E17F2B29D4B15E6CB358EF7"
} ]

[1701370946.965][DEBUG]: DevTools HTTP Request: http://localhost:35247/json/close/DF90357E8E17F2B29D4B15E6CB358EF7
[1701370946.967][DEBUG]: DevTools HTTP Response: Target is closing
[1701370946.967][DEBUG]: DevTools HTTP Request: http://localhost:35247/json/list
[1701370946.968][DEBUG]: DevTools HTTP Response: [ {
   "description": "",
   "devtoolsFrontendUrl": "/devtools/inspector.html?ws=localhost:35247/devtools/page/DF90357E8E17F2B29D4B15E6CB358EF7",
   "faviconUrl": "https://en.wikipedia.org/static/favicon/wikipedia.ico",
   "id": "DF90357E8E17F2B29D4B15E6CB358EF7",
   "title": "Wikipedia:About - Wikipedia",
   "type": "page",
   "url": "https://en.wikipedia.org/wiki/Wikipedia:About",
   "webSocketDebuggerUrl": "ws://localhost:35247/devtools/page/DF90357E8E17F2B29D4B15E6CB358EF7"
} ]

[1701370947.018][DEBUG]: DevTools HTTP Request: http://localhost:35247/json/list
[1701370947.030][DEBUG]: DevTools HTTP Response: [  ]

[1130/190227.052485:ERROR:nacl_helper_linux.cc(307)] NaCl helper process running without a sandbox!
Most likely you need to configure your SUID sandbox correctly
[1701370947.080][INFO]: [a23f1d30f9464c6c8f330350a3d00426] RESPONSE CloseWindow [  ]
[1701370947.080][DEBUG]: Log type 'driver' lost 0 entries on destruction
[1701370947.080][DEBUG]: Log type 'browser' lost 0 entries on destruction
